[17:13:31.251] [INFO   ] thread bguspl.set.Main.main() starting.
[17:13:31.251] [SEVERE ] cannot read configuration file config.properties trying from resources.
[17:13:31.251] [SEVERE ] configuration file was loaded from resources directory.
[17:13:31.746] [INFO   ] thread dealer starting.
[17:13:31.746] [INFO   ] thread dealer starting.
[17:13:31.746] [INFO   ] thread Thread-1 starting.
[17:13:31.746] [INFO   ] thread Thread-2 starting.
[17:13:31.860] [SEVERE ] placing card 15 in slot 0
[17:13:31.965] [SEVERE ] placing card 79 in slot 1
[17:13:32.078] [SEVERE ] placing card 48 in slot 2
[17:13:32.180] [SEVERE ] placing card 74 in slot 3
[17:13:32.280] [SEVERE ] placing card 50 in slot 4
[17:13:32.382] [SEVERE ] placing card 6 in slot 5
[17:13:32.496] [SEVERE ] placing card 73 in slot 6
[17:13:32.598] [SEVERE ] placing card 43 in slot 7
[17:13:32.710] [SEVERE ] placing card 58 in slot 8
[17:13:32.812] [SEVERE ] placing card 72 in slot 9
[17:13:32.926] [SEVERE ] placing card 54 in slot 10
[17:13:33.028] [SEVERE ] placing card 26 in slot 11
[17:13:33.028] [SEVERE ] updating countdown to 60000
[17:13:33.337] [SEVERE ] updating countdown to 59691
[17:13:33.337] [INFO   ] thread dealer terminated.
[17:13:38.344] [SEVERE ] thanks for playing... it was fun!
[17:13:38.344] [INFO   ] thread bguspl.set.Main.main() terminated.
[17:13:38.344] [SEVERE ] disposing of user interface elements
