[18:35:49.978] [INFO   ] thread bguspl.set.Main.main() starting.
[18:35:49.978] [SEVERE ] cannot read configuration file config.properties trying from resources.
[18:35:49.978] [SEVERE ] configuration file was loaded from resources directory.
[18:35:50.320] [INFO   ] thread dealer starting.
[18:35:50.320] [INFO   ] thread dealer starting.
[18:35:50.320] [INFO   ] thread Thread-1 starting.
[18:35:50.320] [INFO   ] thread Thread-2 starting.
[18:35:50.428] [SEVERE ] placing card 8 in slot 0
[18:35:50.545] [SEVERE ] placing card 14 in slot 1
[18:35:50.661] [SEVERE ] placing card 21 in slot 2
[18:35:50.778] [SEVERE ] placing card 13 in slot 3
[18:35:50.879] [SEVERE ] placing card 54 in slot 4
[18:35:50.982] [SEVERE ] placing card 77 in slot 5
[18:35:51.096] [SEVERE ] placing card 5 in slot 6
[18:35:51.208] [SEVERE ] placing card 39 in slot 7
[18:35:51.320] [SEVERE ] placing card 67 in slot 8
[18:35:51.429] [SEVERE ] placing card 41 in slot 9
[18:35:51.539] [SEVERE ] placing card 17 in slot 10
[18:35:51.648] [SEVERE ] placing card 18 in slot 11
[18:35:51.648] [SEVERE ] updating countdown to 60000
[18:35:51.666] [SEVERE ] updating countdown to 59982
[18:35:51.680] [SEVERE ] updating countdown to 59968
[18:35:51.696] [SEVERE ] updating countdown to 59952
[18:35:51.712] [SEVERE ] updating countdown to 59936
[18:35:51.727] [SEVERE ] updating countdown to 59921
[18:35:51.744] [SEVERE ] updating countdown to 59904
[18:35:51.761] [SEVERE ] updating countdown to 59887
[18:35:51.777] [SEVERE ] updating countdown to 59871
[18:35:51.794] [SEVERE ] updating countdown to 59854
[18:35:51.811] [SEVERE ] updating countdown to 59837
[18:35:51.827] [SEVERE ] updating countdown to 59821
[18:35:51.846] [SEVERE ] updating countdown to 59802
[18:35:51.862] [SEVERE ] updating countdown to 59786
[18:35:51.877] [SEVERE ] updating countdown to 59771
[18:35:51.896] [SEVERE ] updating countdown to 59752
[18:35:51.912] [SEVERE ] updating countdown to 59736
[18:35:51.927] [SEVERE ] updating countdown to 59721
[18:35:51.946] [SEVERE ] updating countdown to 59702
[18:35:51.961] [SEVERE ] updating countdown to 59687
[18:35:51.978] [SEVERE ] updating countdown to 59670
[18:35:51.994] [SEVERE ] updating countdown to 59654
[18:35:52.011] [SEVERE ] updating countdown to 59637
[18:35:52.028] [SEVERE ] updating countdown to 59620
[18:35:52.047] [SEVERE ] updating countdown to 59601
[18:35:52.063] [SEVERE ] updating countdown to 59585
[18:35:52.078] [SEVERE ] updating countdown to 59570
[18:35:52.094] [SEVERE ] updating countdown to 59554
[18:35:52.111] [SEVERE ] updating countdown to 59537
[18:35:52.131] [SEVERE ] updating countdown to 59517
[18:35:52.147] [SEVERE ] updating countdown to 59501
[18:35:52.161] [SEVERE ] updating countdown to 59487
[18:35:52.180] [SEVERE ] updating countdown to 59468
[18:35:52.197] [SEVERE ] updating countdown to 59451
[18:35:52.211] [SEVERE ] updating countdown to 59437
[18:35:52.230] [SEVERE ] updating countdown to 59418
[18:35:52.246] [SEVERE ] updating countdown to 59402
[18:35:52.263] [SEVERE ] updating countdown to 59385
[18:35:52.279] [SEVERE ] updating countdown to 59369
[18:35:52.294] [SEVERE ] updating countdown to 59354
[18:35:52.311] [SEVERE ] updating countdown to 59337
[18:35:52.331] [SEVERE ] updating countdown to 59317
[18:35:52.344] [SEVERE ] updating countdown to 59304
[18:35:52.364] [SEVERE ] updating countdown to 59284
[18:35:52.379] [SEVERE ] updating countdown to 59269
[18:35:52.398] [SEVERE ] updating countdown to 59250
[18:35:52.411] [SEVERE ] updating countdown to 59237
[18:35:52.432] [SEVERE ] updating countdown to 59216
[18:35:52.445] [SEVERE ] updating countdown to 59203
[18:35:52.461] [SEVERE ] updating countdown to 59187
[18:35:52.477] [SEVERE ] updating countdown to 59171
[18:35:52.494] [SEVERE ] updating countdown to 59154
[18:35:52.511] [SEVERE ] updating countdown to 59137
[18:35:52.531] [SEVERE ] updating countdown to 59117
[18:35:52.545] [SEVERE ] updating countdown to 59103
[18:35:52.562] [SEVERE ] updating countdown to 59086
[18:35:52.577] [SEVERE ] updating countdown to 59071
[18:35:52.593] [SEVERE ] updating countdown to 59055
[18:35:52.611] [SEVERE ] updating countdown to 59037
[18:35:52.628] [SEVERE ] updating countdown to 59020
[18:35:52.644] [SEVERE ] updating countdown to 59004
[18:35:52.664] [SEVERE ] updating countdown to 58984
[18:35:52.680] [SEVERE ] updating countdown to 58968
[18:35:52.696] [SEVERE ] updating countdown to 58952
[18:35:52.714] [SEVERE ] updating countdown to 58934
[18:35:52.729] [SEVERE ] updating countdown to 58919
[18:35:52.747] [SEVERE ] updating countdown to 58901
[18:35:52.764] [SEVERE ] updating countdown to 58884
[18:35:52.777] [SEVERE ] updating countdown to 58871
[18:35:52.794] [SEVERE ] updating countdown to 58854
[18:35:52.813] [SEVERE ] updating countdown to 58835
[18:35:52.827] [SEVERE ] updating countdown to 58821
[18:35:52.844] [SEVERE ] updating countdown to 58804
[18:35:52.861] [SEVERE ] updating countdown to 58787
[18:35:52.879] [SEVERE ] updating countdown to 58769
[18:35:52.894] [SEVERE ] updating countdown to 58754
[18:35:52.911] [SEVERE ] updating countdown to 58737
[18:35:52.927] [SEVERE ] updating countdown to 58721
[18:35:52.944] [SEVERE ] updating countdown to 58704
[18:35:52.964] [SEVERE ] updating countdown to 58684
[18:35:52.977] [SEVERE ] updating countdown to 58671
[18:35:52.994] [SEVERE ] updating countdown to 58654
[18:35:53.014] [SEVERE ] updating countdown to 58634
[18:35:53.030] [SEVERE ] updating countdown to 58618
[18:35:53.044] [SEVERE ] updating countdown to 58604
[18:35:53.061] [SEVERE ] updating countdown to 58587
[18:35:53.077] [SEVERE ] updating countdown to 58571
[18:35:53.097] [SEVERE ] updating countdown to 58551
[18:35:53.111] [SEVERE ] updating countdown to 58537
[18:35:53.128] [SEVERE ] updating countdown to 58520
[18:35:53.144] [SEVERE ] updating countdown to 58504
[18:35:53.160] [SEVERE ] updating countdown to 58488
[18:35:53.177] [SEVERE ] updating countdown to 58471
[18:35:53.194] [SEVERE ] updating countdown to 58454
[18:35:53.211] [SEVERE ] updating countdown to 58437
[18:35:53.229] [SEVERE ] updating countdown to 58419
[18:35:53.246] [SEVERE ] updating countdown to 58402
[18:35:53.264] [SEVERE ] updating countdown to 58384
[18:35:53.278] [SEVERE ] updating countdown to 58370
[18:35:53.294] [SEVERE ] updating countdown to 58354
[18:35:53.311] [SEVERE ] updating countdown to 58337
[18:35:53.327] [SEVERE ] updating countdown to 58321
[18:35:53.344] [SEVERE ] updating countdown to 58304
[18:35:53.364] [SEVERE ] updating countdown to 58284
[18:35:53.377] [SEVERE ] updating countdown to 58271
[18:35:53.394] [SEVERE ] updating countdown to 58254
[18:35:53.411] [SEVERE ] updating countdown to 58237
[18:35:53.428] [SEVERE ] updating countdown to 58220
[18:35:53.444] [SEVERE ] updating countdown to 58204
[18:35:53.463] [SEVERE ] updating countdown to 58185
[18:35:53.479] [SEVERE ] updating countdown to 58169
[18:35:53.494] [SEVERE ] updating countdown to 58154
[18:35:53.514] [SEVERE ] updating countdown to 58134
[18:35:53.530] [SEVERE ] updating countdown to 58118
[18:35:53.544] [SEVERE ] updating countdown to 58104
[18:35:53.564] [SEVERE ] updating countdown to 58084
[18:35:53.582] [SEVERE ] updating countdown to 58066
[18:35:53.594] [SEVERE ] updating countdown to 58054
[18:35:53.611] [SEVERE ] updating countdown to 58037
[18:35:53.628] [SEVERE ] updating countdown to 58020
[18:35:53.644] [SEVERE ] updating countdown to 58004
[18:35:53.664] [SEVERE ] updating countdown to 57984
[18:35:53.680] [SEVERE ] updating countdown to 57968
[18:35:53.697] [SEVERE ] updating countdown to 57951
[18:35:53.713] [SEVERE ] updating countdown to 57935
[18:35:53.728] [SEVERE ] updating countdown to 57920
[18:35:53.747] [SEVERE ] updating countdown to 57901
[18:35:53.763] [SEVERE ] updating countdown to 57885
[18:35:53.778] [SEVERE ] updating countdown to 57870
[18:35:53.797] [SEVERE ] updating countdown to 57851
[18:35:53.805] [SEVERE ] exit button pressed
[18:35:53.813] [SEVERE ] updating countdown to 57835
[18:35:53.928] [SEVERE ] removing card from slot 0
[18:35:54.039] [SEVERE ] removing card from slot 1
[18:35:54.150] [SEVERE ] removing card from slot 2
[18:35:54.260] [SEVERE ] removing card from slot 3
[18:35:54.370] [SEVERE ] removing card from slot 4
[18:35:54.480] [SEVERE ] removing card from slot 5
[18:35:54.591] [SEVERE ] removing card from slot 6
[18:35:54.702] [SEVERE ] removing card from slot 7
[18:35:54.812] [SEVERE ] removing card from slot 8
[18:35:54.922] [SEVERE ] removing card from slot 9
[18:35:55.032] [SEVERE ] removing card from slot 10
[18:35:55.143] [SEVERE ] removing card from slot 11
