[10:48:15.036] [INFO   ] thread bguspl.set.Main.main() starting.
[10:48:15.043] [SEVERE ] cannot read configuration file config.properties trying from resources.
[10:48:15.045] [SEVERE ] configuration file was loaded from resources directory.
[10:48:15.617] [INFO   ] thread dealer starting.
[10:48:15.618] [INFO   ] thread dealer starting.
[10:48:15.620] [INFO   ] thread Thread-2 starting.
[10:48:15.621] [INFO   ] thread Thread-1 starting.
[10:48:15.621] [INFO   ] thread Thread-4 starting.
[10:48:15.621] [INFO   ] thread Thread-3 starting.
[10:48:15.622] [INFO   ] thread computer-0 starting.
[10:48:15.622] [INFO   ] thread computer-1 starting.
[10:48:15.624] [INFO   ] thread computer-2 starting.
[10:48:15.622] [INFO   ] thread computer-3 starting.
[10:48:15.741] [SEVERE ] placing card 10 in slot 6
[10:48:15.849] [SEVERE ] placing card 66 in slot 11
[10:48:15.956] [SEVERE ] placing card 33 in slot 7
[10:48:16.064] [SEVERE ] placing card 76 in slot 10
[10:48:16.171] [SEVERE ] placing card 1 in slot 3
[10:48:16.280] [SEVERE ] placing card 64 in slot 1
[10:48:16.388] [SEVERE ] placing card 3 in slot 9
[10:48:16.496] [SEVERE ] placing card 53 in slot 2
[10:48:16.607] [SEVERE ] placing card 39 in slot 0
[10:48:16.714] [SEVERE ] placing card 20 in slot 8
[10:48:16.822] [SEVERE ] placing card 48 in slot 5
[10:48:16.933] [SEVERE ] placing card 32 in slot 4
[10:48:16.934] [SEVERE ] updating countdown to 60000
[10:48:16.949] [SEVERE ] updating countdown to 59985
[10:48:16.964] [SEVERE ] updating countdown to 59970
[10:48:16.979] [SEVERE ] updating countdown to 59955
[10:48:16.995] [SEVERE ] updating countdown to 59939
[10:48:17.011] [SEVERE ] updating countdown to 59923
[10:48:17.026] [SEVERE ] updating countdown to 59908
[10:48:17.042] [SEVERE ] updating countdown to 59892
[10:48:17.058] [SEVERE ] updating countdown to 59876
[10:48:17.073] [SEVERE ] updating countdown to 59861
[10:48:17.088] [SEVERE ] updating countdown to 59846
[10:48:17.103] [SEVERE ] updating countdown to 59831
[10:48:17.119] [SEVERE ] updating countdown to 59815
[10:48:17.135] [SEVERE ] updating countdown to 59799
[10:48:17.150] [SEVERE ] updating countdown to 59784
[10:48:17.166] [SEVERE ] updating countdown to 59768
[10:48:17.181] [SEVERE ] updating countdown to 59753
[10:48:17.197] [SEVERE ] updating countdown to 59737
[10:48:17.212] [SEVERE ] updating countdown to 59722
[10:48:17.227] [SEVERE ] updating countdown to 59707
[10:48:17.243] [SEVERE ] updating countdown to 59691
[10:48:17.259] [SEVERE ] updating countdown to 59675
[10:48:17.274] [SEVERE ] updating countdown to 59660
[10:48:17.290] [SEVERE ] updating countdown to 59644
[10:48:17.305] [SEVERE ] updating countdown to 59629
[10:48:17.322] [SEVERE ] updating countdown to 59612
[10:48:17.337] [SEVERE ] updating countdown to 59597
[10:48:17.353] [SEVERE ] updating countdown to 59581
[10:48:17.369] [SEVERE ] updating countdown to 59565
[10:48:17.384] [SEVERE ] updating countdown to 59550
[10:48:17.400] [SEVERE ] updating countdown to 59534
[10:48:17.416] [SEVERE ] updating countdown to 59518
[10:48:17.432] [SEVERE ] updating countdown to 59502
[10:48:17.447] [SEVERE ] updating countdown to 59487
[10:48:17.462] [SEVERE ] updating countdown to 59472
[10:48:17.479] [SEVERE ] updating countdown to 59455
[10:48:17.494] [SEVERE ] updating countdown to 59440
[10:48:17.510] [SEVERE ] updating countdown to 59424
[10:48:17.526] [SEVERE ] updating countdown to 59408
[10:48:17.542] [SEVERE ] updating countdown to 59392
[10:48:17.557] [SEVERE ] updating countdown to 59377
[10:48:17.572] [SEVERE ] updating countdown to 59362
[10:48:17.588] [SEVERE ] updating countdown to 59346
[10:48:17.604] [SEVERE ] updating countdown to 59330
[10:48:17.619] [SEVERE ] updating countdown to 59315
[10:48:17.635] [SEVERE ] updating countdown to 59299
[10:48:17.651] [SEVERE ] updating countdown to 59283
[10:48:17.667] [SEVERE ] updating countdown to 59267
[10:48:17.682] [SEVERE ] updating countdown to 59252
[10:48:17.698] [SEVERE ] updating countdown to 59236
[10:48:17.714] [SEVERE ] updating countdown to 59220
[10:48:17.729] [SEVERE ] updating countdown to 59205
[10:48:17.744] [SEVERE ] updating countdown to 59190
[10:48:17.760] [SEVERE ] updating countdown to 59174
[10:48:17.776] [SEVERE ] updating countdown to 59158
[10:48:17.792] [SEVERE ] updating countdown to 59142
[10:48:17.807] [SEVERE ] updating countdown to 59127
[10:48:17.822] [SEVERE ] updating countdown to 59112
[10:48:17.837] [SEVERE ] updating countdown to 59097
[10:48:17.853] [SEVERE ] updating countdown to 59081
[10:48:17.869] [SEVERE ] updating countdown to 59065
[10:48:17.884] [SEVERE ] updating countdown to 59050
[10:48:17.900] [SEVERE ] updating countdown to 59034
[10:48:17.916] [SEVERE ] updating countdown to 59018
[10:48:17.931] [SEVERE ] updating countdown to 59003
[10:48:17.947] [SEVERE ] updating countdown to 58987
[10:48:17.962] [SEVERE ] updating countdown to 58972
[10:48:17.977] [SEVERE ] updating countdown to 58957
[10:48:17.993] [SEVERE ] updating countdown to 58941
[10:48:18.008] [SEVERE ] updating countdown to 58926
[10:48:18.023] [SEVERE ] updating countdown to 58911
[10:48:18.039] [SEVERE ] updating countdown to 58895
[10:48:18.054] [SEVERE ] updating countdown to 58880
[10:48:18.070] [SEVERE ] updating countdown to 58864
[10:48:18.085] [SEVERE ] updating countdown to 58849
[10:48:18.101] [SEVERE ] updating countdown to 58833
[10:48:18.116] [SEVERE ] updating countdown to 58818
[10:48:18.131] [SEVERE ] updating countdown to 58803
[10:48:18.147] [SEVERE ] updating countdown to 58787
[10:48:18.161] [SEVERE ] updating countdown to 58773
[10:48:18.177] [SEVERE ] updating countdown to 58757
[10:48:18.193] [SEVERE ] updating countdown to 58741
[10:48:18.208] [SEVERE ] updating countdown to 58726
[10:48:18.223] [SEVERE ] updating countdown to 58711
[10:48:18.237] [SEVERE ] updating countdown to 58697
[10:48:18.253] [SEVERE ] updating countdown to 58681
[10:48:18.268] [SEVERE ] updating countdown to 58666
[10:48:18.283] [SEVERE ] updating countdown to 58651
[10:48:18.299] [SEVERE ] updating countdown to 58635
[10:48:18.315] [SEVERE ] updating countdown to 58619
[10:48:18.330] [SEVERE ] updating countdown to 58604
[10:48:18.345] [SEVERE ] updating countdown to 58589
[10:48:18.362] [SEVERE ] updating countdown to 58572
[10:48:18.377] [SEVERE ] updating countdown to 58557
[10:48:18.392] [SEVERE ] updating countdown to 58542
[10:48:18.408] [SEVERE ] updating countdown to 58526
[10:48:18.423] [SEVERE ] updating countdown to 58511
[10:48:18.439] [SEVERE ] updating countdown to 58495
[10:48:18.455] [SEVERE ] updating countdown to 58479
[10:48:18.471] [SEVERE ] updating countdown to 58463
[10:48:18.487] [SEVERE ] updating countdown to 58447
[10:48:18.502] [SEVERE ] updating countdown to 58432
[10:48:18.518] [SEVERE ] updating countdown to 58416
[10:48:18.533] [SEVERE ] updating countdown to 58401
[10:48:18.548] [SEVERE ] updating countdown to 58386
[10:48:18.564] [SEVERE ] updating countdown to 58370
[10:48:18.579] [SEVERE ] updating countdown to 58355
[10:48:18.595] [SEVERE ] updating countdown to 58339
[10:48:18.610] [SEVERE ] updating countdown to 58324
[10:48:18.626] [SEVERE ] updating countdown to 58308
[10:48:18.642] [SEVERE ] updating countdown to 58292
[10:48:18.657] [SEVERE ] updating countdown to 58277
[10:48:18.672] [SEVERE ] updating countdown to 58262
[10:48:18.688] [SEVERE ] updating countdown to 58246
[10:48:18.704] [SEVERE ] updating countdown to 58230
[10:48:18.720] [SEVERE ] updating countdown to 58214
[10:48:18.735] [SEVERE ] updating countdown to 58199
[10:48:18.751] [SEVERE ] updating countdown to 58183
[10:48:18.767] [SEVERE ] updating countdown to 58167
[10:48:18.782] [SEVERE ] updating countdown to 58152
[10:48:18.797] [SEVERE ] updating countdown to 58137
[10:48:18.812] [SEVERE ] updating countdown to 58122
[10:48:18.827] [SEVERE ] updating countdown to 58107
[10:48:18.843] [SEVERE ] updating countdown to 58091
[10:48:18.859] [SEVERE ] updating countdown to 58075
[10:48:18.875] [SEVERE ] updating countdown to 58059
[10:48:18.890] [SEVERE ] updating countdown to 58044
[10:48:18.905] [SEVERE ] updating countdown to 58029
[10:48:18.922] [SEVERE ] updating countdown to 58012
[10:48:18.936] [SEVERE ] updating countdown to 57998
[10:48:18.952] [SEVERE ] updating countdown to 57982
[10:48:18.968] [SEVERE ] updating countdown to 57966
[10:48:18.983] [SEVERE ] updating countdown to 57951
[10:48:18.999] [SEVERE ] updating countdown to 57935
[10:48:19.014] [SEVERE ] updating countdown to 57920
[10:48:19.029] [SEVERE ] updating countdown to 57905
[10:48:19.045] [SEVERE ] updating countdown to 57889
[10:48:19.061] [SEVERE ] updating countdown to 57873
[10:48:19.076] [SEVERE ] updating countdown to 57858
[10:48:19.092] [SEVERE ] updating countdown to 57842
[10:48:19.109] [SEVERE ] updating countdown to 57825
[10:48:19.124] [SEVERE ] updating countdown to 57810
[10:48:19.140] [SEVERE ] updating countdown to 57794
[10:48:19.156] [SEVERE ] updating countdown to 57778
[10:48:19.171] [SEVERE ] updating countdown to 57763
[10:48:19.186] [SEVERE ] updating countdown to 57748
[10:48:19.202] [SEVERE ] updating countdown to 57732
[10:48:19.217] [SEVERE ] updating countdown to 57717
[10:48:19.232] [SEVERE ] updating countdown to 57702
[10:48:19.248] [SEVERE ] updating countdown to 57686
[10:48:19.264] [SEVERE ] updating countdown to 57670
[10:48:19.280] [SEVERE ] updating countdown to 57654
[10:48:19.296] [SEVERE ] updating countdown to 57638
[10:48:19.312] [SEVERE ] updating countdown to 57622
[10:48:19.327] [SEVERE ] updating countdown to 57607
[10:48:19.342] [SEVERE ] updating countdown to 57592
[10:48:19.358] [SEVERE ] updating countdown to 57576
[10:48:19.374] [SEVERE ] updating countdown to 57560
[10:48:19.389] [SEVERE ] updating countdown to 57545
[10:48:19.404] [SEVERE ] updating countdown to 57530
[10:48:19.420] [SEVERE ] updating countdown to 57514
[10:48:19.436] [SEVERE ] updating countdown to 57498
[10:48:19.451] [SEVERE ] updating countdown to 57483
[10:48:19.467] [SEVERE ] updating countdown to 57467
[10:48:19.483] [SEVERE ] updating countdown to 57451
[10:48:19.498] [SEVERE ] updating countdown to 57436
[10:48:19.513] [SEVERE ] updating countdown to 57421
[10:48:19.529] [SEVERE ] updating countdown to 57405
[10:48:19.545] [SEVERE ] updating countdown to 57389
[10:48:19.561] [SEVERE ] updating countdown to 57373
[10:48:19.577] [SEVERE ] updating countdown to 57357
[10:48:19.592] [SEVERE ] updating countdown to 57342
[10:48:19.608] [SEVERE ] updating countdown to 57326
[10:48:19.623] [SEVERE ] updating countdown to 57311
[10:48:19.638] [SEVERE ] updating countdown to 57296
[10:48:19.654] [SEVERE ] updating countdown to 57280
[10:48:19.669] [SEVERE ] updating countdown to 57265
[10:48:19.684] [SEVERE ] updating countdown to 57250
[10:48:19.700] [SEVERE ] updating countdown to 57234
[10:48:19.715] [SEVERE ] updating countdown to 57219
[10:48:19.731] [SEVERE ] updating countdown to 57203
[10:48:19.747] [SEVERE ] updating countdown to 57187
[10:48:19.762] [SEVERE ] updating countdown to 57172
[10:48:19.779] [SEVERE ] updating countdown to 57155
[10:48:19.794] [SEVERE ] updating countdown to 57140
[10:48:19.809] [SEVERE ] updating countdown to 57125
[10:48:19.825] [SEVERE ] updating countdown to 57109
[10:48:19.840] [SEVERE ] updating countdown to 57094
[10:48:19.855] [SEVERE ] updating countdown to 57079
[10:48:19.872] [SEVERE ] updating countdown to 57062
[10:48:19.887] [SEVERE ] updating countdown to 57047
[10:48:19.903] [SEVERE ] updating countdown to 57031
[10:48:19.918] [SEVERE ] updating countdown to 57016
[10:48:19.933] [SEVERE ] updating countdown to 57001
[10:48:19.949] [SEVERE ] updating countdown to 56985
[10:48:19.965] [SEVERE ] updating countdown to 56970
[10:48:19.979] [SEVERE ] updating countdown to 56955
[10:48:19.995] [SEVERE ] updating countdown to 56939
[10:48:20.011] [SEVERE ] updating countdown to 56923
[10:48:20.026] [SEVERE ] updating countdown to 56908
[10:48:20.042] [SEVERE ] updating countdown to 56892
[10:48:20.058] [SEVERE ] updating countdown to 56876
[10:48:20.074] [SEVERE ] updating countdown to 56860
[10:48:20.090] [SEVERE ] updating countdown to 56844
[10:48:20.106] [SEVERE ] updating countdown to 56828
[10:48:20.121] [SEVERE ] updating countdown to 56813
[10:48:20.137] [SEVERE ] updating countdown to 56797
[10:48:20.152] [SEVERE ] updating countdown to 56782
[10:48:20.167] [SEVERE ] updating countdown to 56767
[10:48:20.182] [SEVERE ] updating countdown to 56752
[10:48:20.199] [SEVERE ] updating countdown to 56735
[10:48:20.214] [SEVERE ] updating countdown to 56720
[10:48:20.229] [SEVERE ] updating countdown to 56705
[10:48:20.245] [SEVERE ] updating countdown to 56689
[10:48:20.261] [SEVERE ] updating countdown to 56673
[10:48:20.277] [SEVERE ] updating countdown to 56657
[10:48:20.293] [SEVERE ] updating countdown to 56641
[10:48:20.308] [SEVERE ] updating countdown to 56626
[10:48:20.323] [SEVERE ] updating countdown to 56611
[10:48:20.338] [SEVERE ] updating countdown to 56596
[10:48:20.354] [SEVERE ] updating countdown to 56580
[10:48:20.369] [SEVERE ] updating countdown to 56565
[10:48:20.384] [SEVERE ] updating countdown to 56550
[10:48:20.399] [SEVERE ] updating countdown to 56535
[10:48:20.414] [SEVERE ] updating countdown to 56520
[10:48:20.430] [SEVERE ] updating countdown to 56504
[10:48:20.446] [SEVERE ] updating countdown to 56488
[10:48:20.461] [SEVERE ] updating countdown to 56473
[10:48:20.477] [SEVERE ] updating countdown to 56457
[10:48:20.492] [SEVERE ] updating countdown to 56442
[10:48:20.508] [SEVERE ] updating countdown to 56426
[10:48:20.523] [SEVERE ] updating countdown to 56411
[10:48:20.539] [SEVERE ] updating countdown to 56395
[10:48:20.554] [SEVERE ] updating countdown to 56380
[10:48:20.570] [SEVERE ] updating countdown to 56364
[10:48:20.585] [SEVERE ] updating countdown to 56349
[10:48:20.600] [SEVERE ] updating countdown to 56334
[10:48:20.615] [SEVERE ] updating countdown to 56319
[10:48:20.630] [SEVERE ] updating countdown to 56304
[10:48:20.646] [SEVERE ] updating countdown to 56288
[10:48:20.662] [SEVERE ] updating countdown to 56272
[10:48:20.678] [SEVERE ] updating countdown to 56256
[10:48:20.693] [SEVERE ] updating countdown to 56241
[10:48:20.708] [SEVERE ] updating countdown to 56226
[10:48:20.724] [SEVERE ] updating countdown to 56210
[10:48:20.739] [SEVERE ] updating countdown to 56195
[10:48:20.755] [SEVERE ] updating countdown to 56179
[10:48:20.770] [SEVERE ] updating countdown to 56164
[10:48:20.785] [SEVERE ] updating countdown to 56149
[10:48:20.800] [SEVERE ] updating countdown to 56134
[10:48:20.815] [SEVERE ] updating countdown to 56119
[10:48:20.831] [SEVERE ] updating countdown to 56103
[10:48:20.846] [SEVERE ] updating countdown to 56088
[10:48:20.862] [SEVERE ] updating countdown to 56072
[10:48:20.877] [SEVERE ] updating countdown to 56057
[10:48:20.892] [SEVERE ] updating countdown to 56042
[10:48:20.908] [SEVERE ] updating countdown to 56026
[10:48:20.924] [SEVERE ] updating countdown to 56010
[10:48:20.940] [SEVERE ] updating countdown to 55994
[10:48:20.956] [SEVERE ] updating countdown to 55978
[10:48:20.972] [SEVERE ] updating countdown to 55962
[10:48:20.987] [SEVERE ] updating countdown to 55947
[10:48:21.003] [SEVERE ] updating countdown to 55931
[10:48:21.019] [SEVERE ] updating countdown to 55915
[10:48:21.034] [SEVERE ] updating countdown to 55900
[10:48:21.049] [SEVERE ] updating countdown to 55885
[10:48:21.065] [SEVERE ] updating countdown to 55869
[10:48:21.081] [SEVERE ] updating countdown to 55853
[10:48:21.097] [SEVERE ] updating countdown to 55837
[10:48:21.113] [SEVERE ] updating countdown to 55821
[10:48:21.129] [SEVERE ] updating countdown to 55805
[10:48:21.144] [SEVERE ] updating countdown to 55790
[10:48:21.160] [SEVERE ] updating countdown to 55774
[10:48:21.176] [SEVERE ] updating countdown to 55758
[10:48:21.191] [SEVERE ] updating countdown to 55743
[10:48:21.206] [SEVERE ] updating countdown to 55728
[10:48:21.221] [SEVERE ] updating countdown to 55713
[10:48:21.237] [SEVERE ] updating countdown to 55697
[10:48:21.252] [SEVERE ] updating countdown to 55682
[10:48:21.268] [SEVERE ] updating countdown to 55666
[10:48:21.284] [SEVERE ] updating countdown to 55650
[10:48:21.299] [SEVERE ] updating countdown to 55635
[10:48:21.315] [SEVERE ] updating countdown to 55619
[10:48:21.330] [SEVERE ] updating countdown to 55604
[10:48:21.346] [SEVERE ] updating countdown to 55588
[10:48:21.361] [SEVERE ] updating countdown to 55573
[10:48:21.377] [SEVERE ] updating countdown to 55557
[10:48:21.393] [SEVERE ] updating countdown to 55541
[10:48:21.408] [SEVERE ] updating countdown to 55526
[10:48:21.424] [SEVERE ] updating countdown to 55510
[10:48:21.440] [SEVERE ] updating countdown to 55494
[10:48:21.455] [SEVERE ] updating countdown to 55479
[10:48:21.471] [SEVERE ] updating countdown to 55463
[10:48:21.486] [SEVERE ] updating countdown to 55448
[10:48:21.501] [SEVERE ] updating countdown to 55433
[10:48:21.516] [SEVERE ] updating countdown to 55418
[10:48:21.531] [SEVERE ] updating countdown to 55403
[10:48:21.547] [SEVERE ] updating countdown to 55387
[10:48:21.562] [SEVERE ] updating countdown to 55372
[10:48:21.577] [SEVERE ] updating countdown to 55357
[10:48:21.592] [SEVERE ] updating countdown to 55342
[10:48:21.607] [SEVERE ] updating countdown to 55327
[10:48:21.624] [SEVERE ] updating countdown to 55310
[10:48:21.639] [SEVERE ] updating countdown to 55295
[10:48:21.654] [SEVERE ] updating countdown to 55280
[10:48:21.670] [SEVERE ] updating countdown to 55264
[10:48:21.685] [SEVERE ] updating countdown to 55249
[10:48:21.701] [SEVERE ] updating countdown to 55233
[10:48:21.717] [SEVERE ] updating countdown to 55217
[10:48:21.732] [SEVERE ] updating countdown to 55202
[10:48:21.747] [SEVERE ] updating countdown to 55187
[10:48:21.763] [SEVERE ] updating countdown to 55171
[10:48:21.779] [SEVERE ] updating countdown to 55155
[10:48:21.794] [SEVERE ] updating countdown to 55140
[10:48:21.810] [SEVERE ] updating countdown to 55124
[10:48:21.825] [SEVERE ] updating countdown to 55109
[10:48:21.841] [SEVERE ] updating countdown to 55093
[10:48:21.856] [SEVERE ] updating countdown to 55078
[10:48:21.871] [SEVERE ] updating countdown to 55063
[10:48:21.887] [SEVERE ] updating countdown to 55047
[10:48:21.903] [SEVERE ] updating countdown to 55031
[10:48:21.918] [SEVERE ] updating countdown to 55016
[10:48:21.934] [SEVERE ] updating countdown to 55000
[10:48:21.950] [SEVERE ] updating countdown to 54984
[10:48:21.966] [SEVERE ] updating countdown to 54968
[10:48:21.981] [SEVERE ] updating countdown to 54953
[10:48:21.996] [SEVERE ] updating countdown to 54938
[10:48:22.012] [SEVERE ] updating countdown to 54922
[10:48:22.027] [SEVERE ] updating countdown to 54907
[10:48:22.043] [SEVERE ] updating countdown to 54891
[10:48:22.059] [SEVERE ] updating countdown to 54875
[10:48:22.075] [SEVERE ] updating countdown to 54859
[10:48:22.090] [SEVERE ] updating countdown to 54844
[10:48:22.105] [SEVERE ] updating countdown to 54829
[10:48:22.121] [SEVERE ] updating countdown to 54813
[10:48:22.136] [SEVERE ] updating countdown to 54798
[10:48:22.151] [SEVERE ] updating countdown to 54783
[10:48:22.166] [SEVERE ] updating countdown to 54768
[10:48:22.182] [SEVERE ] updating countdown to 54752
[10:48:22.198] [SEVERE ] updating countdown to 54736
[10:48:22.214] [SEVERE ] updating countdown to 54720
[10:48:22.229] [SEVERE ] updating countdown to 54705
[10:48:22.244] [SEVERE ] updating countdown to 54690
[10:48:22.260] [SEVERE ] updating countdown to 54674
[10:48:22.276] [SEVERE ] updating countdown to 54658
[10:48:22.292] [SEVERE ] updating countdown to 54642
[10:48:22.307] [SEVERE ] updating countdown to 54627
[10:48:22.323] [SEVERE ] updating countdown to 54611
[10:48:22.339] [SEVERE ] updating countdown to 54595
[10:48:22.354] [SEVERE ] updating countdown to 54580
[10:48:22.370] [SEVERE ] updating countdown to 54564
[10:48:22.385] [SEVERE ] updating countdown to 54549
[10:48:22.400] [SEVERE ] updating countdown to 54534
[10:48:22.415] [SEVERE ] updating countdown to 54519
[10:48:22.431] [SEVERE ] updating countdown to 54503
[10:48:22.446] [SEVERE ] updating countdown to 54488
[10:48:22.461] [SEVERE ] updating countdown to 54473
[10:48:22.477] [SEVERE ] updating countdown to 54457
[10:48:22.493] [SEVERE ] updating countdown to 54441
[10:48:22.508] [SEVERE ] updating countdown to 54426
[10:48:22.523] [SEVERE ] updating countdown to 54411
[10:48:22.538] [SEVERE ] updating countdown to 54396
[10:48:22.553] [SEVERE ] updating countdown to 54381
[10:48:22.570] [SEVERE ] updating countdown to 54364
[10:48:22.585] [SEVERE ] updating countdown to 54349
[10:48:22.601] [SEVERE ] updating countdown to 54333
[10:48:22.616] [SEVERE ] updating countdown to 54318
[10:48:22.632] [SEVERE ] updating countdown to 54302
[10:48:22.648] [SEVERE ] updating countdown to 54286
[10:48:22.664] [SEVERE ] updating countdown to 54270
[10:48:22.679] [SEVERE ] updating countdown to 54255
[10:48:22.695] [SEVERE ] updating countdown to 54239
[10:48:22.710] [SEVERE ] updating countdown to 54224
[10:48:22.726] [SEVERE ] updating countdown to 54208
[10:48:22.741] [SEVERE ] updating countdown to 54193
[10:48:22.756] [SEVERE ] updating countdown to 54178
[10:48:22.771] [SEVERE ] updating countdown to 54163
[10:48:22.786] [SEVERE ] updating countdown to 54148
[10:48:22.801] [SEVERE ] updating countdown to 54133
[10:48:22.817] [SEVERE ] updating countdown to 54117
[10:48:22.833] [SEVERE ] updating countdown to 54101
[10:48:22.849] [SEVERE ] updating countdown to 54085
[10:48:22.865] [SEVERE ] updating countdown to 54069
[10:48:22.880] [SEVERE ] updating countdown to 54054
[10:48:22.896] [SEVERE ] updating countdown to 54038
[10:48:22.912] [SEVERE ] updating countdown to 54022
[10:48:22.927] [SEVERE ] updating countdown to 54007
[10:48:22.942] [SEVERE ] updating countdown to 53992
[10:48:22.957] [SEVERE ] updating countdown to 53977
[10:48:22.973] [SEVERE ] updating countdown to 53961
[10:48:22.990] [SEVERE ] updating countdown to 53944
[10:48:23.005] [SEVERE ] updating countdown to 53929
[10:48:23.021] [SEVERE ] updating countdown to 53913
[10:48:23.036] [SEVERE ] updating countdown to 53898
[10:48:23.053] [SEVERE ] updating countdown to 53881
[10:48:23.069] [SEVERE ] updating countdown to 53865
[10:48:23.085] [SEVERE ] updating countdown to 53849
[10:48:23.101] [SEVERE ] updating countdown to 53833
[10:48:23.117] [SEVERE ] updating countdown to 53817
[10:48:23.132] [SEVERE ] updating countdown to 53802
[10:48:23.146] [SEVERE ] updating countdown to 53788
[10:48:23.162] [SEVERE ] updating countdown to 53772
[10:48:23.177] [SEVERE ] updating countdown to 53757
[10:48:23.192] [SEVERE ] updating countdown to 53742
[10:48:23.207] [SEVERE ] updating countdown to 53727
[10:48:23.223] [SEVERE ] updating countdown to 53711
[10:48:23.238] [SEVERE ] updating countdown to 53696
[10:48:23.253] [SEVERE ] updating countdown to 53681
[10:48:23.268] [SEVERE ] updating countdown to 53666
[10:48:23.283] [SEVERE ] updating countdown to 53651
[10:48:23.298] [SEVERE ] updating countdown to 53636
[10:48:23.313] [SEVERE ] updating countdown to 53621
[10:48:23.329] [SEVERE ] updating countdown to 53605
[10:48:23.345] [SEVERE ] updating countdown to 53589
[10:48:23.360] [SEVERE ] updating countdown to 53574
[10:48:23.375] [SEVERE ] updating countdown to 53559
[10:48:23.392] [SEVERE ] updating countdown to 53542
[10:48:23.406] [SEVERE ] updating countdown to 53528
[10:48:23.422] [SEVERE ] updating countdown to 53512
[10:48:23.437] [SEVERE ] updating countdown to 53497
[10:48:23.452] [SEVERE ] updating countdown to 53482
[10:48:23.468] [SEVERE ] updating countdown to 53466
[10:48:23.483] [SEVERE ] updating countdown to 53451
[10:48:23.498] [SEVERE ] updating countdown to 53436
[10:48:23.514] [SEVERE ] updating countdown to 53420
[10:48:23.529] [SEVERE ] updating countdown to 53405
[10:48:23.545] [SEVERE ] updating countdown to 53389
[10:48:23.561] [SEVERE ] updating countdown to 53373
[10:48:23.576] [SEVERE ] updating countdown to 53358
[10:48:23.591] [SEVERE ] updating countdown to 53343
[10:48:23.607] [SEVERE ] updating countdown to 53327
[10:48:23.622] [SEVERE ] updating countdown to 53312
[10:48:23.638] [SEVERE ] updating countdown to 53296
[10:48:23.653] [SEVERE ] updating countdown to 53281
[10:48:23.669] [SEVERE ] updating countdown to 53265
[10:48:23.684] [SEVERE ] updating countdown to 53250
[10:48:23.699] [SEVERE ] updating countdown to 53235
[10:48:23.715] [SEVERE ] updating countdown to 53219
[10:48:23.730] [SEVERE ] updating countdown to 53204
[10:48:23.746] [SEVERE ] updating countdown to 53188
[10:48:23.761] [SEVERE ] updating countdown to 53173
[10:48:23.777] [SEVERE ] updating countdown to 53157
[10:48:23.792] [SEVERE ] updating countdown to 53142
[10:48:23.808] [SEVERE ] updating countdown to 53126
[10:48:23.824] [SEVERE ] updating countdown to 53110
[10:48:23.840] [SEVERE ] updating countdown to 53094
[10:48:23.856] [SEVERE ] updating countdown to 53078
[10:48:23.872] [SEVERE ] updating countdown to 53062
[10:48:23.888] [SEVERE ] updating countdown to 53046
[10:48:23.903] [SEVERE ] updating countdown to 53031
[10:48:23.918] [SEVERE ] updating countdown to 53016
[10:48:23.933] [SEVERE ] updating countdown to 53001
[10:48:23.949] [SEVERE ] updating countdown to 52985
[10:48:23.964] [SEVERE ] updating countdown to 52970
[10:48:23.980] [SEVERE ] updating countdown to 52954
[10:48:23.996] [SEVERE ] updating countdown to 52938
[10:48:24.011] [SEVERE ] updating countdown to 52923
[10:48:24.026] [SEVERE ] updating countdown to 52908
[10:48:24.042] [SEVERE ] updating countdown to 52892
[10:48:24.058] [SEVERE ] updating countdown to 52876
[10:48:24.073] [SEVERE ] updating countdown to 52861
[10:48:24.089] [SEVERE ] updating countdown to 52845
[10:48:24.105] [SEVERE ] updating countdown to 52829
[10:48:24.120] [SEVERE ] updating countdown to 52814
[10:48:24.135] [SEVERE ] updating countdown to 52799
[10:48:24.151] [SEVERE ] updating countdown to 52783
[10:48:24.167] [SEVERE ] updating countdown to 52767
[10:48:24.182] [SEVERE ] updating countdown to 52752
[10:48:24.197] [SEVERE ] updating countdown to 52737
[10:48:24.212] [SEVERE ] updating countdown to 52722
[10:48:24.228] [SEVERE ] updating countdown to 52706
[10:48:24.244] [SEVERE ] updating countdown to 52690
[10:48:24.260] [SEVERE ] updating countdown to 52674
[10:48:24.275] [SEVERE ] updating countdown to 52659
[10:48:24.290] [SEVERE ] updating countdown to 52644
[10:48:24.305] [SEVERE ] updating countdown to 52629
[10:48:24.320] [SEVERE ] updating countdown to 52614
[10:48:24.335] [SEVERE ] updating countdown to 52599
[10:48:24.351] [SEVERE ] updating countdown to 52583
[10:48:24.367] [SEVERE ] updating countdown to 52567
[10:48:24.383] [SEVERE ] updating countdown to 52551
[10:48:24.398] [SEVERE ] updating countdown to 52536
[10:48:24.414] [SEVERE ] updating countdown to 52520
[10:48:24.429] [SEVERE ] updating countdown to 52505
[10:48:24.444] [SEVERE ] updating countdown to 52490
[10:48:24.460] [SEVERE ] updating countdown to 52474
[10:48:24.475] [SEVERE ] updating countdown to 52459
[10:48:24.491] [SEVERE ] updating countdown to 52443
[10:48:24.507] [SEVERE ] updating countdown to 52427
[10:48:24.523] [SEVERE ] updating countdown to 52411
[10:48:24.539] [SEVERE ] updating countdown to 52395
[10:48:24.554] [SEVERE ] updating countdown to 52380
[10:48:24.569] [SEVERE ] updating countdown to 52365
[10:48:24.585] [SEVERE ] updating countdown to 52349
[10:48:24.600] [SEVERE ] updating countdown to 52334
[10:48:24.616] [SEVERE ] updating countdown to 52318
[10:48:24.631] [SEVERE ] updating countdown to 52303
[10:48:24.646] [SEVERE ] updating countdown to 52288
[10:48:24.661] [SEVERE ] updating countdown to 52273
[10:48:24.677] [SEVERE ] updating countdown to 52257
[10:48:24.693] [SEVERE ] updating countdown to 52241
[10:48:24.708] [SEVERE ] updating countdown to 52226
[10:48:24.724] [SEVERE ] updating countdown to 52210
[10:48:24.739] [SEVERE ] updating countdown to 52195
[10:48:24.754] [SEVERE ] updating countdown to 52180
[10:48:24.769] [SEVERE ] updating countdown to 52165
[10:48:24.785] [SEVERE ] updating countdown to 52149
[10:48:24.800] [SEVERE ] updating countdown to 52134
[10:48:24.816] [SEVERE ] updating countdown to 52118
[10:48:24.831] [SEVERE ] updating countdown to 52103
[10:48:24.847] [SEVERE ] updating countdown to 52087
[10:48:24.862] [SEVERE ] updating countdown to 52072
[10:48:24.878] [SEVERE ] updating countdown to 52056
[10:48:24.893] [SEVERE ] updating countdown to 52041
[10:48:24.908] [SEVERE ] updating countdown to 52026
[10:48:24.924] [SEVERE ] updating countdown to 52010
[10:48:24.939] [SEVERE ] updating countdown to 51995
[10:48:24.954] [SEVERE ] updating countdown to 51980
[10:48:24.970] [SEVERE ] updating countdown to 51964
[10:48:24.986] [SEVERE ] updating countdown to 51948
[10:48:25.001] [SEVERE ] updating countdown to 51933
[10:48:25.016] [SEVERE ] updating countdown to 51918
[10:48:25.032] [SEVERE ] updating countdown to 51902
[10:48:25.047] [SEVERE ] updating countdown to 51887
[10:48:25.063] [SEVERE ] updating countdown to 51871
[10:48:25.078] [SEVERE ] updating countdown to 51856
[10:48:25.094] [SEVERE ] updating countdown to 51840
[10:48:25.109] [SEVERE ] updating countdown to 51825
[10:48:25.124] [SEVERE ] updating countdown to 51810
[10:48:25.140] [SEVERE ] updating countdown to 51794
[10:48:25.155] [SEVERE ] updating countdown to 51779
[10:48:25.170] [SEVERE ] updating countdown to 51764
[10:48:25.185] [SEVERE ] updating countdown to 51749
[10:48:25.201] [SEVERE ] updating countdown to 51733
[10:48:25.216] [SEVERE ] updating countdown to 51718
[10:48:25.231] [SEVERE ] updating countdown to 51703
[10:48:25.246] [SEVERE ] updating countdown to 51688
[10:48:25.262] [SEVERE ] updating countdown to 51672
[10:48:25.278] [SEVERE ] updating countdown to 51656
[10:48:25.293] [SEVERE ] updating countdown to 51641
[10:48:25.309] [SEVERE ] updating countdown to 51625
[10:48:25.324] [SEVERE ] updating countdown to 51610
[10:48:25.340] [SEVERE ] updating countdown to 51594
[10:48:25.356] [SEVERE ] updating countdown to 51578
[10:48:25.371] [SEVERE ] updating countdown to 51563
[10:48:25.387] [SEVERE ] updating countdown to 51547
[10:48:25.402] [SEVERE ] updating countdown to 51532
[10:48:25.418] [SEVERE ] updating countdown to 51516
[10:48:25.434] [SEVERE ] updating countdown to 51500
[10:48:25.449] [SEVERE ] updating countdown to 51485
[10:48:25.464] [SEVERE ] updating countdown to 51470
[10:48:25.480] [SEVERE ] updating countdown to 51454
[10:48:25.496] [SEVERE ] updating countdown to 51438
[10:48:25.512] [SEVERE ] updating countdown to 51422
[10:48:25.528] [SEVERE ] updating countdown to 51406
[10:48:25.543] [SEVERE ] updating countdown to 51391
[10:48:25.558] [SEVERE ] updating countdown to 51376
[10:48:25.573] [SEVERE ] updating countdown to 51361
[10:48:25.589] [SEVERE ] updating countdown to 51345
[10:48:25.604] [SEVERE ] updating countdown to 51330
[10:48:25.619] [SEVERE ] updating countdown to 51315
[10:48:25.635] [SEVERE ] updating countdown to 51299
[10:48:25.650] [SEVERE ] updating countdown to 51284
[10:48:25.665] [SEVERE ] updating countdown to 51269
[10:48:25.681] [SEVERE ] updating countdown to 51253
[10:48:25.696] [SEVERE ] updating countdown to 51238
[10:48:25.711] [SEVERE ] updating countdown to 51223
[10:48:25.726] [SEVERE ] updating countdown to 51208
[10:48:25.742] [SEVERE ] updating countdown to 51192
[10:48:25.757] [SEVERE ] updating countdown to 51177
[10:48:25.772] [SEVERE ] updating countdown to 51162
[10:48:25.788] [SEVERE ] updating countdown to 51146
[10:48:25.803] [SEVERE ] updating countdown to 51131
[10:48:25.819] [SEVERE ] updating countdown to 51115
[10:48:25.835] [SEVERE ] updating countdown to 51099
[10:48:25.850] [SEVERE ] updating countdown to 51084
[10:48:25.866] [SEVERE ] updating countdown to 51068
[10:48:25.881] [SEVERE ] updating countdown to 51053
[10:48:25.897] [SEVERE ] updating countdown to 51037
[10:48:25.912] [SEVERE ] updating countdown to 51022
[10:48:25.927] [SEVERE ] updating countdown to 51007
[10:48:25.943] [SEVERE ] updating countdown to 50991
[10:48:25.958] [SEVERE ] updating countdown to 50976
[10:48:25.974] [SEVERE ] updating countdown to 50960
[10:48:25.989] [SEVERE ] updating countdown to 50945
[10:48:26.005] [SEVERE ] updating countdown to 50929
[10:48:26.020] [SEVERE ] updating countdown to 50914
[10:48:26.036] [SEVERE ] updating countdown to 50898
[10:48:26.052] [SEVERE ] updating countdown to 50882
[10:48:26.066] [SEVERE ] updating countdown to 50868
[10:48:26.082] [SEVERE ] updating countdown to 50852
[10:48:26.097] [SEVERE ] updating countdown to 50837
[10:48:26.112] [SEVERE ] updating countdown to 50822
[10:48:26.128] [SEVERE ] updating countdown to 50806
[10:48:26.144] [SEVERE ] updating countdown to 50790
[10:48:26.160] [SEVERE ] updating countdown to 50774
[10:48:26.176] [SEVERE ] updating countdown to 50758
[10:48:26.192] [SEVERE ] updating countdown to 50742
[10:48:26.207] [SEVERE ] updating countdown to 50727
[10:48:26.223] [SEVERE ] updating countdown to 50711
[10:48:26.239] [SEVERE ] updating countdown to 50695
[10:48:26.254] [SEVERE ] updating countdown to 50680
[10:48:26.270] [SEVERE ] updating countdown to 50664
[10:48:26.286] [SEVERE ] updating countdown to 50648
[10:48:26.301] [SEVERE ] updating countdown to 50633
[10:48:26.316] [SEVERE ] updating countdown to 50618
[10:48:26.331] [SEVERE ] updating countdown to 50603
[10:48:26.347] [SEVERE ] updating countdown to 50587
[10:48:26.363] [SEVERE ] updating countdown to 50571
[10:48:26.379] [SEVERE ] updating countdown to 50555
[10:48:26.394] [SEVERE ] updating countdown to 50540
[10:48:26.409] [SEVERE ] updating countdown to 50525
[10:48:26.425] [SEVERE ] updating countdown to 50509
[10:48:26.441] [SEVERE ] updating countdown to 50493
[10:48:26.456] [SEVERE ] updating countdown to 50478
[10:48:26.472] [SEVERE ] updating countdown to 50462
[10:48:26.487] [SEVERE ] updating countdown to 50447
[10:48:26.503] [SEVERE ] updating countdown to 50431
[10:48:26.518] [SEVERE ] updating countdown to 50416
[10:48:26.533] [SEVERE ] updating countdown to 50401
[10:48:26.549] [SEVERE ] updating countdown to 50385
[10:48:26.564] [SEVERE ] updating countdown to 50370
[10:48:26.580] [SEVERE ] updating countdown to 50354
[10:48:26.596] [SEVERE ] updating countdown to 50338
[10:48:26.611] [SEVERE ] updating countdown to 50323
[10:48:26.626] [SEVERE ] updating countdown to 50308
[10:48:26.642] [SEVERE ] updating countdown to 50292
[10:48:26.658] [SEVERE ] updating countdown to 50276
[10:48:26.674] [SEVERE ] updating countdown to 50260
[10:48:26.689] [SEVERE ] updating countdown to 50245
[10:48:26.704] [SEVERE ] updating countdown to 50230
[10:48:26.720] [SEVERE ] updating countdown to 50214
[10:48:26.735] [SEVERE ] updating countdown to 50199
[10:48:26.752] [SEVERE ] updating countdown to 50182
[10:48:26.767] [SEVERE ] updating countdown to 50167
[10:48:26.781] [SEVERE ] updating countdown to 50153
[10:48:26.797] [SEVERE ] updating countdown to 50137
[10:48:26.812] [SEVERE ] updating countdown to 50122
[10:48:26.827] [SEVERE ] updating countdown to 50107
[10:48:26.843] [SEVERE ] updating countdown to 50091
[10:48:26.857] [SEVERE ] updating countdown to 50077
[10:48:26.873] [SEVERE ] updating countdown to 50061
[10:48:26.889] [SEVERE ] updating countdown to 50045
[10:48:26.904] [SEVERE ] updating countdown to 50030
[10:48:26.919] [SEVERE ] updating countdown to 50015
[10:48:26.934] [SEVERE ] updating countdown to 50000
[10:48:26.950] [SEVERE ] updating countdown to 49984
[10:48:26.966] [SEVERE ] updating countdown to 49968
[10:48:26.982] [SEVERE ] updating countdown to 49952
[10:48:26.998] [SEVERE ] updating countdown to 49936
[10:48:27.013] [SEVERE ] updating countdown to 49921
[10:48:27.029] [SEVERE ] updating countdown to 49905
[10:48:27.044] [SEVERE ] updating countdown to 49890
[10:48:27.060] [SEVERE ] updating countdown to 49874
[10:48:27.078] [SEVERE ] updating countdown to 49858
[10:48:27.091] [SEVERE ] updating countdown to 49843
[10:48:27.107] [SEVERE ] updating countdown to 49827
[10:48:27.123] [SEVERE ] updating countdown to 49811
[10:48:27.139] [SEVERE ] updating countdown to 49795
[10:48:27.155] [SEVERE ] updating countdown to 49779
[10:48:27.170] [SEVERE ] updating countdown to 49764
[10:48:27.185] [SEVERE ] updating countdown to 49749
[10:48:27.201] [SEVERE ] updating countdown to 49733
[10:48:27.217] [SEVERE ] updating countdown to 49717
[10:48:27.232] [SEVERE ] updating countdown to 49702
[10:48:27.247] [SEVERE ] updating countdown to 49687
[10:48:27.264] [SEVERE ] updating countdown to 49670
[10:48:27.280] [SEVERE ] updating countdown to 49654
[10:48:27.295] [SEVERE ] updating countdown to 49639
[10:48:27.310] [SEVERE ] updating countdown to 49624
[10:48:27.325] [SEVERE ] updating countdown to 49609
[10:48:27.342] [SEVERE ] updating countdown to 49592
[10:48:27.357] [SEVERE ] updating countdown to 49577
[10:48:27.373] [SEVERE ] updating countdown to 49561
[10:48:27.389] [SEVERE ] updating countdown to 49545
[10:48:27.404] [SEVERE ] updating countdown to 49530
[10:48:27.419] [SEVERE ] updating countdown to 49515
[10:48:27.435] [SEVERE ] updating countdown to 49499
[10:48:27.451] [SEVERE ] updating countdown to 49483
[10:48:27.466] [SEVERE ] updating countdown to 49468
[10:48:27.482] [SEVERE ] updating countdown to 49452
[10:48:27.498] [SEVERE ] updating countdown to 49436
[10:48:27.512] [SEVERE ] updating countdown to 49422
[10:48:27.528] [SEVERE ] updating countdown to 49406
[10:48:27.543] [SEVERE ] updating countdown to 49391
[10:48:27.559] [SEVERE ] updating countdown to 49375
[10:48:27.575] [SEVERE ] updating countdown to 49359
[10:48:27.591] [SEVERE ] updating countdown to 49343
[10:48:27.607] [SEVERE ] updating countdown to 49327
[10:48:27.623] [SEVERE ] updating countdown to 49311
[10:48:27.638] [SEVERE ] updating countdown to 49296
[10:48:27.652] [SEVERE ] updating countdown to 49282
[10:48:27.669] [SEVERE ] updating countdown to 49265
[10:48:27.685] [SEVERE ] updating countdown to 49249
[10:48:27.700] [SEVERE ] updating countdown to 49234
[10:48:27.716] [SEVERE ] updating countdown to 49218
[10:48:27.732] [SEVERE ] updating countdown to 49202
[10:48:27.747] [SEVERE ] updating countdown to 49187
[10:48:27.763] [SEVERE ] updating countdown to 49171
[10:48:27.778] [SEVERE ] updating countdown to 49156
[10:48:27.794] [SEVERE ] updating countdown to 49140
[10:48:27.809] [SEVERE ] updating countdown to 49125
[10:48:27.824] [SEVERE ] updating countdown to 49110
[10:48:27.839] [SEVERE ] updating countdown to 49095
[10:48:27.854] [SEVERE ] updating countdown to 49080
[10:48:27.870] [SEVERE ] updating countdown to 49064
[10:48:27.886] [SEVERE ] updating countdown to 49048
[10:48:27.901] [SEVERE ] updating countdown to 49033
[10:48:27.917] [SEVERE ] updating countdown to 49017
[10:48:27.932] [SEVERE ] updating countdown to 49002
[10:48:27.947] [SEVERE ] updating countdown to 48987
[10:48:27.963] [SEVERE ] updating countdown to 48971
[10:48:27.978] [SEVERE ] updating countdown to 48956
[10:48:27.994] [SEVERE ] updating countdown to 48940
[10:48:28.009] [SEVERE ] updating countdown to 48925
[10:48:28.025] [SEVERE ] updating countdown to 48909
[10:48:28.041] [SEVERE ] updating countdown to 48893
[10:48:28.057] [SEVERE ] updating countdown to 48877
[10:48:28.072] [SEVERE ] updating countdown to 48862
[10:48:28.087] [SEVERE ] updating countdown to 48847
[10:48:28.103] [SEVERE ] updating countdown to 48831
[10:48:28.119] [SEVERE ] updating countdown to 48815
[10:48:28.134] [SEVERE ] updating countdown to 48800
[10:48:28.150] [SEVERE ] updating countdown to 48784
[10:48:28.165] [SEVERE ] updating countdown to 48769
[10:48:28.181] [SEVERE ] updating countdown to 48753
[10:48:28.196] [SEVERE ] updating countdown to 48738
[10:48:28.212] [SEVERE ] updating countdown to 48722
[10:48:28.227] [SEVERE ] updating countdown to 48707
[10:48:28.243] [SEVERE ] updating countdown to 48691
[10:48:28.259] [SEVERE ] updating countdown to 48675
[10:48:28.274] [SEVERE ] updating countdown to 48660
[10:48:28.290] [SEVERE ] updating countdown to 48644
[10:48:28.305] [SEVERE ] updating countdown to 48629
[10:48:28.320] [SEVERE ] updating countdown to 48614
[10:48:28.335] [SEVERE ] updating countdown to 48599
[10:48:28.351] [SEVERE ] updating countdown to 48583
[10:48:28.367] [SEVERE ] updating countdown to 48567
[10:48:28.382] [SEVERE ] updating countdown to 48552
[10:48:28.398] [SEVERE ] updating countdown to 48536
[10:48:28.413] [SEVERE ] updating countdown to 48521
[10:48:28.429] [SEVERE ] updating countdown to 48505
[10:48:28.445] [SEVERE ] updating countdown to 48489
[10:48:28.461] [SEVERE ] updating countdown to 48473
[10:48:28.476] [SEVERE ] updating countdown to 48458
[10:48:28.491] [SEVERE ] updating countdown to 48443
[10:48:28.506] [SEVERE ] updating countdown to 48428
[10:48:28.522] [SEVERE ] updating countdown to 48412
[10:48:28.538] [SEVERE ] updating countdown to 48396
[10:48:28.553] [SEVERE ] updating countdown to 48381
[10:48:28.568] [SEVERE ] updating countdown to 48366
[10:48:28.584] [SEVERE ] updating countdown to 48350
[10:48:28.599] [SEVERE ] updating countdown to 48335
[10:48:28.615] [SEVERE ] updating countdown to 48319
[10:48:28.630] [SEVERE ] updating countdown to 48304
[10:48:28.646] [SEVERE ] updating countdown to 48288
[10:48:28.661] [SEVERE ] updating countdown to 48273
[10:48:28.677] [SEVERE ] updating countdown to 48257
[10:48:28.693] [SEVERE ] updating countdown to 48241
[10:48:28.708] [SEVERE ] updating countdown to 48226
[10:48:28.723] [SEVERE ] updating countdown to 48211
[10:48:28.739] [SEVERE ] updating countdown to 48195
[10:48:28.755] [SEVERE ] updating countdown to 48179
[10:48:28.770] [SEVERE ] updating countdown to 48164
[10:48:28.785] [SEVERE ] updating countdown to 48149
[10:48:28.801] [SEVERE ] updating countdown to 48133
[10:48:28.817] [SEVERE ] updating countdown to 48117
[10:48:28.832] [SEVERE ] updating countdown to 48102
[10:48:28.849] [SEVERE ] updating countdown to 48085
[10:48:28.864] [SEVERE ] updating countdown to 48070
[10:48:28.879] [SEVERE ] updating countdown to 48055
[10:48:28.895] [SEVERE ] updating countdown to 48039
[10:48:28.910] [SEVERE ] updating countdown to 48024
[10:48:28.925] [SEVERE ] updating countdown to 48009
[10:48:28.941] [SEVERE ] updating countdown to 47993
[10:48:28.956] [SEVERE ] updating countdown to 47978
[10:48:28.970] [SEVERE ] updating countdown to 47964
[10:48:28.986] [SEVERE ] updating countdown to 47948
[10:48:29.002] [SEVERE ] updating countdown to 47932
[10:48:29.017] [SEVERE ] updating countdown to 47917
[10:48:29.032] [SEVERE ] updating countdown to 47902
[10:48:29.047] [SEVERE ] updating countdown to 47887
[10:48:29.062] [SEVERE ] updating countdown to 47872
[10:48:29.077] [SEVERE ] updating countdown to 47857
[10:48:29.093] [SEVERE ] updating countdown to 47841
[10:48:29.109] [SEVERE ] updating countdown to 47825
[10:48:29.124] [SEVERE ] updating countdown to 47810
[10:48:29.140] [SEVERE ] updating countdown to 47794
[10:48:29.155] [SEVERE ] updating countdown to 47779
[10:48:29.171] [SEVERE ] updating countdown to 47763
[10:48:29.186] [SEVERE ] updating countdown to 47748
[10:48:29.202] [SEVERE ] updating countdown to 47732
[10:48:29.217] [SEVERE ] updating countdown to 47717
[10:48:29.232] [SEVERE ] updating countdown to 47702
[10:48:29.247] [SEVERE ] updating countdown to 47687
[10:48:29.262] [SEVERE ] updating countdown to 47672
[10:48:29.279] [SEVERE ] updating countdown to 47655
[10:48:29.294] [SEVERE ] updating countdown to 47640
[10:48:29.310] [SEVERE ] updating countdown to 47624
[10:48:29.325] [SEVERE ] updating countdown to 47609
[10:48:29.341] [SEVERE ] updating countdown to 47593
[10:48:29.356] [SEVERE ] updating countdown to 47578
[10:48:29.372] [SEVERE ] updating countdown to 47562
[10:48:29.388] [SEVERE ] updating countdown to 47546
[10:48:29.403] [SEVERE ] updating countdown to 47531
[10:48:29.419] [SEVERE ] updating countdown to 47515
[10:48:29.435] [SEVERE ] updating countdown to 47499
[10:48:29.451] [SEVERE ] updating countdown to 47483
[10:48:29.466] [SEVERE ] updating countdown to 47468
[10:48:29.481] [SEVERE ] updating countdown to 47453
[10:48:29.497] [SEVERE ] updating countdown to 47437
[10:48:29.512] [SEVERE ] updating countdown to 47422
[10:48:29.528] [SEVERE ] updating countdown to 47406
[10:48:29.544] [SEVERE ] updating countdown to 47390
[10:48:29.559] [SEVERE ] updating countdown to 47375
[10:48:29.575] [SEVERE ] updating countdown to 47359
[10:48:29.591] [SEVERE ] updating countdown to 47343
[10:48:29.605] [SEVERE ] updating countdown to 47329
[10:48:29.621] [SEVERE ] updating countdown to 47313
[10:48:29.636] [SEVERE ] updating countdown to 47298
[10:48:29.652] [SEVERE ] updating countdown to 47282
[10:48:29.667] [SEVERE ] updating countdown to 47267
[10:48:29.683] [SEVERE ] updating countdown to 47251
[10:48:29.698] [SEVERE ] updating countdown to 47236
[10:48:29.714] [SEVERE ] updating countdown to 47220
[10:48:29.729] [SEVERE ] updating countdown to 47205
[10:48:29.744] [SEVERE ] updating countdown to 47190
[10:48:29.760] [SEVERE ] updating countdown to 47174
[10:48:29.776] [SEVERE ] updating countdown to 47158
[10:48:29.792] [SEVERE ] updating countdown to 47142
[10:48:29.807] [SEVERE ] updating countdown to 47127
[10:48:29.823] [SEVERE ] updating countdown to 47111
[10:48:29.834] [SEVERE ] exit button pressed
[10:48:29.834] [SEVERE ] disposing of user interface elements
[10:48:29.839] [SEVERE ] updating countdown to 47095
[10:48:29.839] [SEVERE ] player 2 placing token on slot 6
[10:48:29.840] [SEVERE ] player 4 placing token on slot 2
[10:48:29.840] [SEVERE ] player 2 placing token on slot 3
[10:48:29.840] [SEVERE ] player 4 placing token on slot 1
[10:48:29.840] [SEVERE ] player 3 placing token on slot 8
[10:48:29.840] [SEVERE ] player 3 placing token on slot 6
[10:48:29.840] [SEVERE ] player 1 placing token on slot 11
[10:48:29.840] [SEVERE ] removing player 3 token from slot 8
[10:48:29.840] [SEVERE ] player 3 placing token on slot 10
[10:48:29.840] [SEVERE ] player 4 placing token on slot 7
[10:48:29.840] [SEVERE ] removing player 2 token from slot 3
[10:48:29.841] [SEVERE ] player 2 placing token on slot 0
[10:48:29.841] [SEVERE ] player 3 placing token on slot 1
[10:48:29.840] [SEVERE ] removing player 1 token from slot 11
[10:48:29.841] [SEVERE ] player 2 placing token on slot 9
[10:48:29.841] [SEVERE ] player 1 placing token on slot 5
[10:48:29.842] [SEVERE ] player 1 placing token on slot 10
[10:48:29.842] [SEVERE ] player 1 placing token on slot 8
[10:48:29.843] [SEVERE ] removing card from slot 2
[10:48:29.876] [SEVERE ] removing player 4 token from slot 2
[10:48:29.876] [SEVERE ] removing card from slot 6
[10:48:29.890] [SEVERE ] removing player 2 token from slot 6
[10:48:29.890] [SEVERE ] removing player 3 token from slot 6
[10:48:29.891] [INFO   ] thread computer-3 terminated.
[10:48:29.995] [SEVERE ] removing card from slot 10
[10:48:29.995] [SEVERE ] removing player 1 token from slot 10
[10:48:29.995] [SEVERE ] removing player 3 token from slot 10
[10:48:30.104] [SEVERE ] removing card from slot 7
[10:48:30.104] [SEVERE ] removing player 4 token from slot 7
[10:48:30.210] [SEVERE ] removing card from slot 11
[10:48:30.320] [SEVERE ] removing card from slot 9
[10:48:30.320] [SEVERE ] removing player 2 token from slot 9
[10:48:30.429] [SEVERE ] removing card from slot 8
[10:48:30.429] [SEVERE ] removing player 1 token from slot 8
[10:48:30.539] [SEVERE ] removing card from slot 3
[10:48:30.646] [SEVERE ] removing card from slot 5
[10:48:30.650] [SEVERE ] removing player 1 token from slot 5
[10:48:30.755] [SEVERE ] removing card from slot 1
[10:48:30.755] [SEVERE ] removing player 3 token from slot 1
[10:48:30.755] [SEVERE ] removing player 4 token from slot 1
[10:48:30.864] [SEVERE ] removing card from slot 4
[10:48:30.972] [SEVERE ] removing card from slot 0
[10:48:30.972] [SEVERE ] removing player 2 token from slot 0
[10:48:30.973] [SEVERE ] announcing winner(s): player 4, player 1, player 1, player 1
[10:48:30.973] [INFO   ] thread dealer terminated.
[10:48:30.973] [INFO   ] thread dealer terminated.
[10:48:30.973] [SEVERE ] thanks for playing... it was fun!
[10:48:30.973] [INFO   ] thread bguspl.set.Main.main() terminated.
