[16:13:49.608] [INFO   ] thread bguspl.set.Main.main() starting.
[16:13:49.610] [SEVERE ] cannot read configuration file config.properties trying from resources.
[16:13:49.611] [SEVERE ] configuration file was loaded from resources directory.
[16:13:50.056] [INFO   ] thread dealer starting.
[16:13:50.057] [INFO   ] thread dealer starting.
[16:13:50.057] [INFO   ] thread Thread-1 starting.
[16:13:50.058] [INFO   ] thread Thread-3 starting.
[16:13:50.057] [INFO   ] thread Thread-2 starting.
[16:13:50.058] [INFO   ] thread Thread-4 starting.
[16:13:50.059] [INFO   ] thread computer-2 starting.
[16:13:50.060] [INFO   ] thread computer-3 starting.
[16:13:50.059] [INFO   ] thread computer-1 starting.
[16:13:50.059] [INFO   ] thread computer-0 starting.
[16:13:50.062] [SEVERE ] updating countdown to 10000
[16:13:50.165] [SEVERE ] placing card 32 in slot 8
[16:13:50.276] [SEVERE ] placing card 52 in slot 5
[16:13:50.386] [SEVERE ] placing card 25 in slot 0
[16:13:50.496] [SEVERE ] placing card 71 in slot 9
[16:13:50.608] [SEVERE ] placing card 21 in slot 2
[16:13:50.718] [SEVERE ] placing card 44 in slot 7
[16:13:50.829] [SEVERE ] placing card 26 in slot 6
[16:13:50.938] [SEVERE ] placing card 73 in slot 1
[16:13:51.046] [SEVERE ] placing card 20 in slot 11
[16:13:51.154] [SEVERE ] placing card 70 in slot 4
[16:13:51.264] [SEVERE ] placing card 63 in slot 3
[16:13:51.372] [SEVERE ] placing card 80 in slot 10
[16:13:51.399] [INFO   ] thread dealer terminated.
[16:13:56.147] [SEVERE ] exit button pressed
[16:13:56.147] [SEVERE ] disposing of user interface elements
[16:13:56.411] [SEVERE ] thanks for playing... it was fun!
[16:13:56.413] [INFO   ] thread bguspl.set.Main.main() terminated.
