[16:55:46.566] [INFO   ] thread bguspl.set.Main.main() starting.
[16:55:46.566] [SEVERE ] cannot read configuration file config.properties trying from resources.
[16:55:46.566] [SEVERE ] configuration file was loaded from resources directory.
[16:55:47.011] [INFO   ] thread dealer starting.
[16:55:47.018] [INFO   ] thread dealer starting.
[16:55:47.019] [INFO   ] thread Thread-2 starting.
[16:55:47.019] [INFO   ] thread Thread-1 starting.
[16:55:47.021] [SEVERE ] updating elapsed time to 0
[16:55:47.130] [SEVERE ] placing card 1 in slot 10
[16:55:47.232] [SEVERE ] placing card 19 in slot 5
[16:55:47.344] [SEVERE ] placing card 34 in slot 6
[16:55:47.453] [SEVERE ] placing card 17 in slot 0
[16:55:47.563] [SEVERE ] placing card 32 in slot 1
[16:55:47.664] [SEVERE ] placing card 42 in slot 2
[16:55:47.765] [SEVERE ] placing card 60 in slot 8
[16:55:47.875] [SEVERE ] placing card 71 in slot 4
[16:55:47.976] [SEVERE ] placing card 18 in slot 3
[16:55:48.087] [SEVERE ] placing card 23 in slot 9
[16:55:48.189] [SEVERE ] placing card 61 in slot 7
[16:55:48.299] [SEVERE ] placing card 72 in slot 11
[16:55:49.335] [SEVERE ] updating elapsed time to 1019
[16:55:50.343] [SEVERE ] updating elapsed time to 2027
[16:55:51.346] [SEVERE ] updating elapsed time to 3030
[16:55:52.354] [SEVERE ] updating elapsed time to 4038
[16:55:53.359] [SEVERE ] updating elapsed time to 5043
[16:55:54.365] [SEVERE ] updating elapsed time to 6049
[16:55:55.373] [SEVERE ] updating elapsed time to 7057
[16:55:56.378] [SEVERE ] updating elapsed time to 8062
[16:55:57.381] [SEVERE ] updating elapsed time to 9065
[16:55:58.394] [SEVERE ] updating elapsed time to 10078
[16:55:58.679] [SEVERE ] key 46 was pressed by player 2
[16:55:58.679] [SEVERE ] player 2 placing token on slot 10
[16:55:59.423] [SEVERE ] updating elapsed time to 11107
[16:55:59.799] [SEVERE ] key 73 was pressed by player 2
[16:55:59.799] [SEVERE ] player 2 placing token on slot 1
[16:56:00.433] [SEVERE ] updating elapsed time to 12117
[16:56:01.049] [SEVERE ] key 77 was pressed by player 2
[16:56:01.049] [SEVERE ] player 2 placing token on slot 8
[16:56:01.049] [SEVERE ] updating elapsed time to 12733
[16:56:01.166] [SEVERE ] removing card from slot 1
[16:56:01.166] [SEVERE ] removing player 2 token from slot 1
[16:56:01.275] [SEVERE ] removing card from slot 8
[16:56:01.275] [SEVERE ] removing player 2 token from slot 8
[16:56:01.385] [SEVERE ] removing card from slot 10
[16:56:01.385] [SEVERE ] removing player 2 token from slot 10
[16:56:01.385] [SEVERE ] updating elapsed time to 0
[16:56:01.385] [SEVERE ] setting player 2 score to 1
[16:56:01.385] [SEVERE ] setting player 2 freeze to 0
[16:56:01.495] [SEVERE ] placing card 31 in slot 1
[16:56:01.620] [SEVERE ] placing card 79 in slot 8
[16:56:01.746] [SEVERE ] placing card 10 in slot 10
[16:56:02.813] [SEVERE ] updating elapsed time to 1428
[16:56:03.821] [SEVERE ] updating elapsed time to 2436
[16:56:04.607] [SEVERE ] key 59 was pressed by player 2
[16:56:04.607] [SEVERE ] player 2 placing token on slot 7
[16:56:04.861] [SEVERE ] updating elapsed time to 3476
[16:56:04.893] [SEVERE ] key 76 was pressed by player 2
[16:56:04.893] [SEVERE ] player 2 placing token on slot 6
[16:56:05.098] [SEVERE ] key 79 was pressed by player 2
[16:56:05.098] [SEVERE ] player 2 placing token on slot 2
[16:56:05.098] [SEVERE ] updating elapsed time to 3713
[16:56:05.098] [SEVERE ] setting player 2 freeze to 0
[16:56:06.115] [SEVERE ] updating elapsed time to 4730
[16:56:06.914] [SEVERE ] key 79 was pressed by player 2
[16:56:06.914] [SEVERE ] removing player 2 token from slot 2
[16:56:07.138] [SEVERE ] updating elapsed time to 5753
[16:56:07.154] [SEVERE ] key 76 was pressed by player 2
[16:56:07.169] [SEVERE ] removing player 2 token from slot 6
[16:56:07.642] [SEVERE ] key 80 was pressed by player 2
[16:56:07.642] [SEVERE ] player 2 placing token on slot 3
[16:56:07.956] [SEVERE ] key 76 was pressed by player 2
[16:56:07.956] [SEVERE ] player 2 placing token on slot 6
[16:56:07.956] [SEVERE ] updating elapsed time to 6571
[16:56:07.972] [SEVERE ] setting player 2 freeze to 0
[16:56:08.975] [SEVERE ] updating elapsed time to 7590
[16:56:09.260] [SEVERE ] key 76 was pressed by player 2
[16:56:09.260] [SEVERE ] removing player 2 token from slot 6
[16:56:09.402] [SEVERE ] key 80 was pressed by player 2
[16:56:09.402] [SEVERE ] removing player 2 token from slot 3
[16:56:09.609] [SEVERE ] key 59 was pressed by player 2
[16:56:09.609] [SEVERE ] removing player 2 token from slot 7
[16:56:09.847] [SEVERE ] key 76 was pressed by player 2
[16:56:09.847] [SEVERE ] player 2 placing token on slot 6
[16:56:09.956] [SEVERE ] key 79 was pressed by player 2
[16:56:09.956] [SEVERE ] player 2 placing token on slot 2
[16:56:09.988] [SEVERE ] updating elapsed time to 8603
[16:56:10.160] [SEVERE ] key 80 was pressed by player 2
[16:56:10.160] [SEVERE ] player 2 placing token on slot 3
[16:56:10.160] [SEVERE ] updating elapsed time to 8775
[16:56:10.192] [SEVERE ] setting player 2 freeze to 0
[16:56:10.286] [SEVERE ] key 79 was pressed by player 2
[16:56:10.286] [SEVERE ] removing player 2 token from slot 2
[16:56:10.302] [SEVERE ] key 76 was pressed by player 2
[16:56:10.302] [SEVERE ] removing player 2 token from slot 6
[16:56:10.395] [SEVERE ] key 80 was pressed by player 2
[16:56:10.410] [SEVERE ] removing player 2 token from slot 3
[16:56:10.506] [SEVERE ] key 79 was pressed by player 2
[16:56:10.522] [SEVERE ] player 2 placing token on slot 2
[16:56:10.537] [SEVERE ] key 76 was pressed by player 2
[16:56:10.537] [SEVERE ] player 2 placing token on slot 6
[16:56:10.647] [SEVERE ] key 80 was pressed by player 2
[16:56:10.647] [SEVERE ] player 2 placing token on slot 3
[16:56:10.647] [SEVERE ] updating elapsed time to 9262
[16:56:10.663] [SEVERE ] setting player 2 freeze to 0
[16:56:10.725] [SEVERE ] key 79 was pressed by player 2
[16:56:10.725] [SEVERE ] removing player 2 token from slot 2
[16:56:10.882] [SEVERE ] key 80 was pressed by player 2
[16:56:10.882] [SEVERE ] removing player 2 token from slot 3
[16:56:11.104] [SEVERE ] key 80 was pressed by player 2
[16:56:11.104] [SEVERE ] player 2 placing token on slot 3
[16:56:11.133] [SEVERE ] key 79 was pressed by player 2
[16:56:11.139] [SEVERE ] player 2 placing token on slot 2
[16:56:11.139] [SEVERE ] updating elapsed time to 9754
[16:56:11.139] [SEVERE ] setting player 2 freeze to 0
[16:56:11.275] [SEVERE ] key 76 was pressed by player 2
[16:56:11.275] [SEVERE ] removing player 2 token from slot 6
[16:56:11.338] [SEVERE ] key 80 was pressed by player 2
[16:56:11.338] [SEVERE ] removing player 2 token from slot 3
[16:56:11.417] [SEVERE ] key 79 was pressed by player 2
[16:56:11.417] [SEVERE ] removing player 2 token from slot 2
[16:56:11.510] [SEVERE ] key 76 was pressed by player 2
[16:56:11.510] [SEVERE ] player 2 placing token on slot 6
[16:56:11.604] [SEVERE ] key 80 was pressed by player 2
[16:56:11.604] [SEVERE ] player 2 placing token on slot 3
[16:56:11.651] [SEVERE ] key 79 was pressed by player 2
[16:56:11.651] [SEVERE ] player 2 placing token on slot 2
[16:56:11.651] [SEVERE ] updating elapsed time to 10266
[16:56:11.651] [SEVERE ] setting player 2 freeze to 0
[16:56:11.746] [SEVERE ] key 76 was pressed by player 2
[16:56:11.746] [SEVERE ] removing player 2 token from slot 6
[16:56:11.870] [SEVERE ] key 79 was pressed by player 2
[16:56:11.870] [SEVERE ] removing player 2 token from slot 2
[16:56:12.106] [SEVERE ] key 59 was pressed by player 2
[16:56:12.106] [SEVERE ] player 2 placing token on slot 7
[16:56:12.137] [SEVERE ] key 79 was pressed by player 2
[16:56:12.137] [SEVERE ] player 2 placing token on slot 2
[16:56:12.137] [SEVERE ] updating elapsed time to 10752
[16:56:12.152] [SEVERE ] setting player 2 freeze to 0
[16:56:12.309] [SEVERE ] key 76 was pressed by player 2
[16:56:12.403] [SEVERE ] key 80 was pressed by player 2
[16:56:12.403] [SEVERE ] removing player 2 token from slot 3
[16:56:12.575] [SEVERE ] key 76 was pressed by player 2
[16:56:12.575] [SEVERE ] player 2 placing token on slot 6
[16:56:12.575] [SEVERE ] updating elapsed time to 11190
[16:56:12.591] [SEVERE ] setting player 2 freeze to 0
[16:56:12.638] [SEVERE ] key 79 was pressed by player 2
[16:56:12.638] [SEVERE ] removing player 2 token from slot 2
[16:56:12.657] [SEVERE ] key 80 was pressed by player 2
[16:56:12.662] [SEVERE ] player 2 placing token on slot 3
[16:56:12.662] [SEVERE ] updating elapsed time to 11277
[16:56:12.662] [SEVERE ] setting player 2 freeze to 0
[16:56:13.190] [SEVERE ] key 76 was pressed by player 2
[16:56:13.196] [SEVERE ] removing player 2 token from slot 6
[16:56:13.675] [SEVERE ] updating elapsed time to 12290
[16:56:13.863] [SEVERE ] key 80 was pressed by player 2
[16:56:13.863] [SEVERE ] removing player 2 token from slot 3
[16:56:14.683] [SEVERE ] updating elapsed time to 13298
[16:56:15.688] [SEVERE ] updating elapsed time to 14303
[16:56:16.695] [SEVERE ] updating elapsed time to 15310
[16:56:17.700] [SEVERE ] updating elapsed time to 16315
[16:56:18.715] [SEVERE ] updating elapsed time to 17330
[16:56:19.726] [SEVERE ] updating elapsed time to 18341
[16:56:20.023] [SEVERE ] key 76 was pressed by player 2
[16:56:20.023] [SEVERE ] player 2 placing token on slot 6
[16:56:20.107] [SEVERE ] key 79 was pressed by player 2
[16:56:20.107] [SEVERE ] player 2 placing token on slot 2
[16:56:20.107] [SEVERE ] updating elapsed time to 18722
[16:56:20.107] [SEVERE ] setting player 2 freeze to 0
[16:56:20.152] [SEVERE ] key 80 was pressed by player 2
[16:56:21.114] [SEVERE ] updating elapsed time to 19729
[16:56:22.025] [SEVERE ] key 76 was pressed by player 2
[16:56:22.025] [SEVERE ] removing player 2 token from slot 6
[16:56:22.124] [SEVERE ] updating elapsed time to 20739
[16:56:22.140] [SEVERE ] key 79 was pressed by player 2
[16:56:22.140] [SEVERE ] removing player 2 token from slot 2
[16:56:22.691] [SEVERE ] key 59 was pressed by player 2
[16:56:22.691] [SEVERE ] removing player 2 token from slot 7
[16:56:23.131] [SEVERE ] updating elapsed time to 21746
[16:56:24.136] [SEVERE ] updating elapsed time to 22751
[16:56:24.481] [SEVERE ] key 80 was pressed by player 2
[16:56:24.481] [SEVERE ] player 2 placing token on slot 3
[16:56:24.590] [SEVERE ] key 79 was pressed by player 2
[16:56:24.606] [SEVERE ] player 2 placing token on slot 2
[16:56:24.621] [SEVERE ] key 76 was pressed by player 2
[16:56:24.621] [SEVERE ] player 2 placing token on slot 6
[16:56:24.653] [SEVERE ] updating elapsed time to 23268
[16:56:24.653] [SEVERE ] setting player 2 freeze to 0
[16:56:25.660] [SEVERE ] updating elapsed time to 24275
[16:56:25.864] [SEVERE ] key 87 was pressed by player 1
[16:56:25.864] [SEVERE ] player 1 placing token on slot 1
[16:56:26.662] [SEVERE ] updating elapsed time to 25277
[16:56:26.977] [SEVERE ] key 88 was pressed by player 1
[16:56:26.977] [SEVERE ] player 1 placing token on slot 9
[16:56:27.666] [SEVERE ] updating elapsed time to 26281
[16:56:28.137] [SEVERE ] key 67 was pressed by player 1
[16:56:28.137] [SEVERE ] player 1 placing token on slot 10
[16:56:28.137] [SEVERE ] updating elapsed time to 26752
[16:56:28.137] [SEVERE ] setting player 1 freeze to 0
[16:56:29.047] [SEVERE ] key 76 was pressed by player 2
[16:56:29.047] [SEVERE ] removing player 2 token from slot 6
[16:56:29.144] [SEVERE ] updating elapsed time to 27759
[16:56:29.144] [SEVERE ] key 79 was pressed by player 2
[16:56:29.144] [SEVERE ] removing player 2 token from slot 2
[16:56:29.222] [SEVERE ] key 80 was pressed by player 2
[16:56:29.222] [SEVERE ] removing player 2 token from slot 3
[16:56:29.989] [SEVERE ] key 80 was pressed by player 2
[16:56:29.989] [SEVERE ] player 2 placing token on slot 3
[16:56:30.083] [SEVERE ] key 88 was pressed by player 1
[16:56:30.083] [SEVERE ] removing player 1 token from slot 9
[16:56:30.098] [SEVERE ] key 79 was pressed by player 2
[16:56:30.098] [SEVERE ] player 2 placing token on slot 2
[16:56:30.130] [SEVERE ] key 76 was pressed by player 2
[16:56:30.130] [SEVERE ] player 2 placing token on slot 6
[16:56:30.130] [SEVERE ] updating elapsed time to 28745
[16:56:30.130] [SEVERE ] setting player 2 freeze to 0
[16:56:30.256] [SEVERE ] key 90 was pressed by player 1
[16:56:30.256] [SEVERE ] player 1 placing token on slot 8
[16:56:30.271] [SEVERE ] updating elapsed time to 28886
[16:56:30.381] [SEVERE ] removing card from slot 1
[16:56:30.381] [SEVERE ] removing player 1 token from slot 1
[16:56:30.496] [SEVERE ] removing card from slot 8
[16:56:30.496] [SEVERE ] removing player 1 token from slot 8
[16:56:30.609] [SEVERE ] removing card from slot 10
[16:56:30.609] [SEVERE ] removing player 1 token from slot 10
[16:56:30.609] [SEVERE ] updating elapsed time to 0
[16:56:30.625] [SEVERE ] setting player 1 score to 1
[16:56:30.625] [SEVERE ] setting player 1 freeze to 0
[16:56:30.734] [SEVERE ] placing card 67 in slot 10
[16:56:30.844] [SEVERE ] placing card 54 in slot 8
[16:56:30.970] [SEVERE ] placing card 68 in slot 1
[16:56:31.992] [SEVERE ] updating elapsed time to 1367
[16:56:32.698] [SEVERE ] key 76 was pressed by player 2
[16:56:32.698] [SEVERE ] removing player 2 token from slot 6
[16:56:33.013] [SEVERE ] updating elapsed time to 2388
[16:56:33.656] [SEVERE ] key 79 was pressed by player 2
[16:56:33.656] [SEVERE ] removing player 2 token from slot 2
[16:56:33.828] [SEVERE ] key 80 was pressed by player 2
[16:56:33.828] [SEVERE ] removing player 2 token from slot 3
[16:56:34.017] [SEVERE ] updating elapsed time to 3392
[16:56:34.455] [SEVERE ] key 80 was pressed by player 2
[16:56:34.455] [SEVERE ] player 2 placing token on slot 3
[16:56:34.674] [SEVERE ] key 79 was pressed by player 2
[16:56:34.690] [SEVERE ] player 2 placing token on slot 2
[16:56:35.021] [SEVERE ] updating elapsed time to 4396
[16:56:36.026] [SEVERE ] updating elapsed time to 5401
[16:56:36.246] [SEVERE ] key 76 was pressed by player 2
[16:56:36.246] [SEVERE ] player 2 placing token on slot 6
[16:56:36.246] [SEVERE ] updating elapsed time to 5621
[16:56:36.246] [SEVERE ] setting player 2 freeze to 0
[16:56:36.482] [SEVERE ] key 76 was pressed by player 2
[16:56:36.482] [SEVERE ] removing player 2 token from slot 6
[16:56:37.221] [SEVERE ] key 76 was pressed by player 2
[16:56:37.221] [SEVERE ] player 2 placing token on slot 6
[16:56:37.221] [SEVERE ] updating elapsed time to 6596
[16:56:37.236] [SEVERE ] setting player 2 freeze to 0
[16:56:37.426] [SEVERE ] key 76 was pressed by player 2
[16:56:37.441] [SEVERE ] removing player 2 token from slot 6
[16:56:37.597] [SEVERE ] key 76 was pressed by player 2
[16:56:37.597] [SEVERE ] player 2 placing token on slot 6
[16:56:37.613] [SEVERE ] updating elapsed time to 6988
[16:56:37.613] [SEVERE ] setting player 2 freeze to 0
[16:56:37.754] [SEVERE ] key 76 was pressed by player 2
[16:56:37.754] [SEVERE ] removing player 2 token from slot 6
[16:56:37.913] [SEVERE ] key 76 was pressed by player 2
[16:56:37.913] [SEVERE ] player 2 placing token on slot 6
[16:56:37.913] [SEVERE ] updating elapsed time to 7288
[16:56:37.913] [SEVERE ] setting player 2 freeze to 0
[16:56:38.069] [SEVERE ] key 76 was pressed by player 2
[16:56:38.069] [SEVERE ] removing player 2 token from slot 6
[16:56:38.232] [SEVERE ] key 76 was pressed by player 2
[16:56:38.232] [SEVERE ] player 2 placing token on slot 6
[16:56:38.232] [SEVERE ] updating elapsed time to 7607
[16:56:38.232] [SEVERE ] setting player 2 freeze to 0
[16:56:38.398] [SEVERE ] key 76 was pressed by player 2
[16:56:38.398] [SEVERE ] removing player 2 token from slot 6
[16:56:38.539] [SEVERE ] key 76 was pressed by player 2
[16:56:38.539] [SEVERE ] player 2 placing token on slot 6
[16:56:38.555] [SEVERE ] updating elapsed time to 7930
[16:56:38.555] [SEVERE ] setting player 2 freeze to 0
[16:56:38.696] [SEVERE ] key 76 was pressed by player 2
[16:56:38.696] [SEVERE ] removing player 2 token from slot 6
[16:56:38.853] [SEVERE ] key 76 was pressed by player 2
[16:56:38.853] [SEVERE ] player 2 placing token on slot 6
[16:56:38.853] [SEVERE ] updating elapsed time to 8228
[16:56:38.853] [SEVERE ] setting player 2 freeze to 0
[16:56:39.013] [SEVERE ] key 76 was pressed by player 2
[16:56:39.013] [SEVERE ] removing player 2 token from slot 6
[16:56:39.170] [SEVERE ] key 76 was pressed by player 2
[16:56:39.170] [SEVERE ] player 2 placing token on slot 6
[16:56:39.170] [SEVERE ] updating elapsed time to 8545
[16:56:39.170] [SEVERE ] setting player 2 freeze to 0
[16:56:39.358] [SEVERE ] key 76 was pressed by player 2
[16:56:39.358] [SEVERE ] removing player 2 token from slot 6
[16:56:39.549] [SEVERE ] key 76 was pressed by player 2
[16:56:39.549] [SEVERE ] player 2 placing token on slot 6
[16:56:39.549] [SEVERE ] updating elapsed time to 8924
[16:56:39.551] [SEVERE ] setting player 2 freeze to 0
[16:56:39.729] [SEVERE ] key 76 was pressed by player 2
[16:56:39.729] [SEVERE ] removing player 2 token from slot 6
[16:56:39.892] [SEVERE ] key 76 was pressed by player 2
[16:56:39.892] [SEVERE ] player 2 placing token on slot 6
[16:56:39.892] [SEVERE ] updating elapsed time to 9267
[16:56:39.892] [SEVERE ] setting player 2 freeze to 0
[16:56:40.069] [SEVERE ] key 76 was pressed by player 2
[16:56:40.069] [SEVERE ] removing player 2 token from slot 6
[16:56:40.257] [SEVERE ] key 76 was pressed by player 2
[16:56:40.257] [SEVERE ] player 2 placing token on slot 6
[16:56:40.257] [SEVERE ] updating elapsed time to 9632
[16:56:40.257] [SEVERE ] setting player 2 freeze to 0
[16:56:40.429] [SEVERE ] key 76 was pressed by player 2
[16:56:40.429] [SEVERE ] removing player 2 token from slot 6
[16:56:40.601] [SEVERE ] key 76 was pressed by player 2
[16:56:40.601] [SEVERE ] player 2 placing token on slot 6
[16:56:40.601] [SEVERE ] updating elapsed time to 9976
[16:56:40.601] [SEVERE ] setting player 2 freeze to 0
[16:56:40.789] [SEVERE ] key 76 was pressed by player 2
[16:56:40.789] [SEVERE ] removing player 2 token from slot 6
[16:56:40.979] [SEVERE ] key 76 was pressed by player 2
[16:56:40.979] [SEVERE ] player 2 placing token on slot 6
[16:56:40.979] [SEVERE ] updating elapsed time to 10354
[16:56:40.979] [SEVERE ] setting player 2 freeze to 0
[16:56:41.153] [SEVERE ] key 76 was pressed by player 2
[16:56:41.153] [SEVERE ] removing player 2 token from slot 6
[16:56:41.358] [SEVERE ] key 76 was pressed by player 2
[16:56:41.373] [SEVERE ] player 2 placing token on slot 6
[16:56:41.373] [SEVERE ] updating elapsed time to 10748
[16:56:41.373] [SEVERE ] setting player 2 freeze to 0
[16:56:41.545] [SEVERE ] key 76 was pressed by player 2
[16:56:41.545] [SEVERE ] removing player 2 token from slot 6
[16:56:41.781] [SEVERE ] key 76 was pressed by player 2
[16:56:41.781] [SEVERE ] player 2 placing token on slot 6
[16:56:41.781] [SEVERE ] updating elapsed time to 11156
[16:56:41.796] [SEVERE ] setting player 2 freeze to 0
[16:56:42.002] [SEVERE ] key 76 was pressed by player 2
[16:56:42.002] [SEVERE ] removing player 2 token from slot 6
[16:56:42.112] [SEVERE ] key 79 was pressed by player 2
[16:56:42.112] [SEVERE ] removing player 2 token from slot 2
[16:56:42.571] [SEVERE ] key 80 was pressed by player 2
[16:56:42.571] [SEVERE ] removing player 2 token from slot 3
[16:56:42.810] [SEVERE ] updating elapsed time to 12185
[16:56:43.814] [SEVERE ] updating elapsed time to 13189
[16:56:44.256] [SEVERE ] key 80 was pressed by player 2
[16:56:44.256] [SEVERE ] player 2 placing token on slot 3
[16:56:44.334] [SEVERE ] key 79 was pressed by player 2
[16:56:44.334] [SEVERE ] player 2 placing token on slot 2
[16:56:44.413] [SEVERE ] key 76 was pressed by player 2
[16:56:44.413] [SEVERE ] player 2 placing token on slot 6
[16:56:44.413] [SEVERE ] updating elapsed time to 13788
[16:56:44.413] [SEVERE ] setting player 2 freeze to 0
[16:56:44.429] [SEVERE ] key 75 was pressed by player 2
[16:56:45.423] [SEVERE ] updating elapsed time to 14798
[16:56:46.174] [SEVERE ] key 76 was pressed by player 2
[16:56:46.174] [SEVERE ] removing player 2 token from slot 6
[16:56:46.221] [SEVERE ] key 79 was pressed by player 2
[16:56:46.221] [SEVERE ] removing player 2 token from slot 2
[16:56:46.283] [SEVERE ] key 80 was pressed by player 2
[16:56:46.283] [SEVERE ] removing player 2 token from slot 3
[16:56:46.425] [SEVERE ] updating elapsed time to 15800
[16:56:46.487] [SEVERE ] key 80 was pressed by player 2
[16:56:46.487] [SEVERE ] player 2 placing token on slot 3
[16:56:46.550] [SEVERE ] key 79 was pressed by player 2
[16:56:46.550] [SEVERE ] player 2 placing token on slot 2
[16:56:46.566] [SEVERE ] key 76 was pressed by player 2
[16:56:46.566] [SEVERE ] player 2 placing token on slot 6
[16:56:46.566] [SEVERE ] updating elapsed time to 15941
[16:56:46.566] [SEVERE ] setting player 2 freeze to 0
[16:56:47.577] [SEVERE ] updating elapsed time to 16952
[16:56:48.097] [SEVERE ] key 80 was pressed by player 2
[16:56:48.112] [SEVERE ] removing player 2 token from slot 3
[16:56:48.191] [SEVERE ] key 79 was pressed by player 2
[16:56:48.191] [SEVERE ] removing player 2 token from slot 2
[16:56:48.223] [SEVERE ] key 76 was pressed by player 2
[16:56:48.223] [SEVERE ] removing player 2 token from slot 6
[16:56:48.427] [SEVERE ] key 80 was pressed by player 2
[16:56:48.427] [SEVERE ] player 2 placing token on slot 3
[16:56:48.473] [SEVERE ] key 76 was pressed by player 2
[16:56:48.473] [SEVERE ] player 2 placing token on slot 6
[16:56:48.489] [SEVERE ] key 79 was pressed by player 2
[16:56:48.489] [SEVERE ] player 2 placing token on slot 2
[16:56:48.489] [SEVERE ] updating elapsed time to 17864
[16:56:48.489] [SEVERE ] setting player 2 freeze to 0
[16:56:49.496] [SEVERE ] updating elapsed time to 18871
[16:56:50.503] [SEVERE ] updating elapsed time to 19878
[16:56:51.513] [SEVERE ] updating elapsed time to 20888
[16:56:51.873] [SEVERE ] key 76 was pressed by player 2
[16:56:51.873] [SEVERE ] removing player 2 token from slot 6
[16:56:52.014] [SEVERE ] key 76 was pressed by player 2
[16:56:52.014] [SEVERE ] player 2 placing token on slot 6
[16:56:52.014] [SEVERE ] updating elapsed time to 21389
[16:56:52.014] [SEVERE ] setting player 2 freeze to 0
[16:56:53.028] [SEVERE ] updating elapsed time to 22403
[16:56:54.036] [SEVERE ] updating elapsed time to 23411
[16:56:55.039] [SEVERE ] updating elapsed time to 24414
[16:56:56.044] [SEVERE ] updating elapsed time to 25419
[16:56:57.057] [SEVERE ] updating elapsed time to 26432
[16:56:57.750] [SEVERE ] key 76 was pressed by player 2
[16:56:57.750] [SEVERE ] removing player 2 token from slot 6
[16:56:57.896] [SEVERE ] key 79 was pressed by player 2
[16:56:57.896] [SEVERE ] removing player 2 token from slot 2
[16:56:58.033] [SEVERE ] key 80 was pressed by player 2
[16:56:58.033] [SEVERE ] removing player 2 token from slot 3
[16:56:58.064] [SEVERE ] updating elapsed time to 27439
[16:56:59.068] [SEVERE ] updating elapsed time to 28443
[16:57:00.079] [SEVERE ] updating elapsed time to 29454
[16:57:01.086] [SEVERE ] updating elapsed time to 30461
[16:57:02.008] [SEVERE ] exit button pressed
[16:57:02.008] [SEVERE ] disposing of user interface elements
[16:57:02.089] [SEVERE ] updating elapsed time to 31464
[16:57:02.195] [SEVERE ] removing card from slot 0
[16:57:02.296] [SEVERE ] removing card from slot 2
[16:57:02.397] [SEVERE ] removing card from slot 1
[16:57:02.508] [SEVERE ] removing card from slot 10
[16:57:02.617] [SEVERE ] removing card from slot 9
[16:57:02.723] [SEVERE ] removing card from slot 6
[16:57:02.825] [SEVERE ] removing card from slot 11
[16:57:02.933] [SEVERE ] removing card from slot 4
[16:57:03.036] [SEVERE ] removing card from slot 5
[16:57:03.141] [SEVERE ] removing card from slot 3
[16:57:03.256] [SEVERE ] removing card from slot 8
[16:57:03.356] [SEVERE ] removing card from slot 7
[16:57:03.356] [SEVERE ] announcing winner(s): player 1, player 2
[16:57:03.357] [INFO   ] thread Thread-2 terminated.
[16:57:03.358] [INFO   ] thread Thread-1 terminated.
[16:57:03.358] [INFO   ] thread dealer terminated.
[16:57:03.358] [INFO   ] thread dealer terminated.
[16:57:03.358] [SEVERE ] thanks for playing... it was fun!
[16:57:03.358] [INFO   ] thread bguspl.set.Main.main() terminated.
