[15:08:17.763] [INFO   ] thread bguspl.set.Main.main() starting.
[15:08:17.774] [SEVERE ] cannot read configuration file config.properties trying from resources.
[15:08:17.774] [SEVERE ] configuration file was loaded from resources directory.
[15:08:18.275] [INFO   ] thread dealer starting.
[15:08:18.276] [INFO   ] thread dealer starting.
[15:08:18.276] [INFO   ] thread Thread-2 starting.
[15:08:18.276] [INFO   ] thread Thread-1 starting.
[15:08:18.280] [SEVERE ] updating countdown to 10000
[15:08:18.390] [SEVERE ] placing card 6 in slot 5
[15:08:18.497] [SEVERE ] placing card 24 in slot 11
[15:08:18.600] [SEVERE ] placing card 13 in slot 6
[15:08:18.702] [SEVERE ] placing card 57 in slot 10
[15:08:18.809] [SEVERE ] placing card 51 in slot 9
[15:08:18.911] [SEVERE ] placing card 34 in slot 7
[15:08:19.019] [SEVERE ] placing card 16 in slot 8
[15:08:19.122] [SEVERE ] placing card 55 in slot 2
[15:08:19.232] [SEVERE ] placing card 29 in slot 3
[15:08:19.342] [SEVERE ] placing card 48 in slot 1
[15:08:19.451] [SEVERE ] placing card 70 in slot 0
[15:08:19.560] [SEVERE ] placing card 58 in slot 4
[15:08:19.597] [SEVERE ] updating countdown to 9985
[15:08:19.753] [SEVERE ] key 75 was pressed by player 2
[15:08:19.753] [SEVERE ] player 2 placing token on slot 5
[15:08:20.600] [SEVERE ] updating countdown to 8982
[15:08:20.631] [SEVERE ] key 74 was pressed by player 2
[15:08:20.631] [SEVERE ] player 2 placing token on slot 4
[15:08:21.602] [SEVERE ] updating countdown to 7980
[15:08:22.446] [SEVERE ] key 74 was pressed by player 2
[15:08:22.446] [SEVERE ] removing player 2 token from slot 4
[15:08:22.603] [SEVERE ] updating countdown to 6979
[15:08:23.432] [SEVERE ] key 75 was pressed by player 2
[15:08:23.432] [SEVERE ] removing player 2 token from slot 5
[15:08:23.605] [SEVERE ] updating countdown to 5977
[15:08:28.423] [SEVERE ] exit button pressed
[15:08:28.423] [SEVERE ] disposing of user interface elements
[15:08:28.586] [SEVERE ] removing card from slot 5
[15:08:28.689] [SEVERE ] removing card from slot 9
[15:08:28.790] [SEVERE ] removing card from slot 8
[15:08:28.891] [SEVERE ] removing card from slot 6
[15:08:28.999] [SEVERE ] removing card from slot 10
[15:08:29.100] [SEVERE ] removing card from slot 0
[15:08:29.207] [SEVERE ] removing card from slot 7
[15:08:29.309] [SEVERE ] removing card from slot 1
[15:08:29.423] [SEVERE ] removing card from slot 3
[15:08:29.526] [SEVERE ] removing card from slot 11
[15:08:29.628] [SEVERE ] removing card from slot 2
[15:08:29.731] [SEVERE ] removing card from slot 4
[15:08:29.731] [SEVERE ] announcing winner(s): player 1, player 2
[15:08:29.731] [INFO   ] thread Thread-2 terminated.
[15:08:29.731] [INFO   ] thread Thread-1 terminated.
[15:08:29.731] [INFO   ] thread dealer terminated.
[15:08:29.731] [INFO   ] thread dealer terminated.
[15:08:29.731] [SEVERE ] thanks for playing... it was fun!
[15:08:29.731] [INFO   ] thread bguspl.set.Main.main() terminated.
